{"meta": {"format": 3, "version": "7.11.0", "timestamp": "2025-11-05T19:40:18.067805", "branch_coverage": false, "show_contexts": false}, "files": {"app/__init__.py": {"executed_lines": [0], "summary": {"covered_lines": 0, "num_statements": 0, "percent_covered": 100.0, "percent_covered_display": "100", "missing_lines": 0, "excluded_lines": 0}, "missing_lines": [], "excluded_lines": [], "functions": {"": {"executed_lines": [], "summary": {"covered_lines": 0, "num_statements": 0, "percent_covered": 100.0, "percent_covered_display": "100", "missing_lines": 0, "excluded_lines": 0}, "missing_lines": [], "excluded_lines": []}}, "classes": {"": {"executed_lines": [], "summary": {"covered_lines": 0, "num_statements": 0, "percent_covered": 100.0, "percent_covered_display": "100", "missing_lines": 0, "excluded_lines": 0}, "missing_lines": [], "excluded_lines": []}}}, "app/agents/base/__init__.py": {"executed_lines": [1, 2, 3, 4, 5, 7], "summary": {"covered_lines": 5, "num_statements": 5, "percent_covered": 100.0, "percent_covered_display": "100", "missing_lines": 0, "excluded_lines": 0}, "missing_lines": [], "excluded_lines": [], "functions": {"": {"executed_lines": [1, 2, 3, 4, 5, 7], "summary": {"covered_lines": 5, "num_statements": 5, "percent_covered": 100.0, "percent_covered_display": "100", "missing_lines": 0, "excluded_lines": 0}, "missing_lines": [], "excluded_lines": []}}, "classes": {"": {"executed_lines": [1, 2, 3, 4, 5, 7], "summary": {"covered_lines": 5, "num_statements": 5, "percent_covered": 100.0, "percent_covered_display": "100", "missing_lines": 0, "excluded_lines": 0}, "missing_lines": [], "excluded_lines": []}}}, "app/agents/base/agent.py": {"executed_lines": [1, 2, 3, 4, 5, 6, 8, 9, 10, 12, 13, 15, 18, 19, 21, 22, 23, 24, 25, 26, 27, 30, 31, 38, 39, 40, 41, 42, 43, 44, 46, 48, 49, 60, 61, 72, 82, 84, 85, 88, 89, 103, 104, 108, 109, 110, 144, 225, 242, 258, 266], "summary": {"covered_lines": 48, "num_statements": 109, "percent_covered": 44.03669724770642, "percent_covered_display": "44", "missing_lines": 61, "excluded_lines": 0}, "missing_lines": [58, 70, 86, 97, 98, 100, 112, 113, 117, 118, 119, 121, 122, 126, 127, 128, 130, 131, 135, 136, 137, 139, 140, 141, 142, 160, 163, 175, 179, 180, 181, 182, 183, 185, 186, 187, 188, 189, 190, 191, 192, 193, 194, 195, 196, 197, 199, 212, 213, 218, 219, 223, 233, 237, 238, 240, 251, 252, 256, 264, 272], "excluded_lines": [], "functions": {"BaseAgent.__init__": {"executed_lines": [39, 40, 41, 42, 43, 44, 46], "summary": {"covered_lines": 7, "num_statements": 7, "percent_covered": 100.0, "percent_covered_display": "100", "missing_lines": 0, "excluded_lines": 0}, "missing_lines": [], "excluded_lines": []}, "BaseAgent.process": {"executed_lines": [], "summary": {"covered_lines": 0, "num_statements": 1, "percent_covered": 0.0, "percent_covered_display": "0", "missing_lines": 1, "excluded_lines": 0}, "missing_lines": [58], "excluded_lines": []}, "BaseAgent.get_system_prompt": {"executed_lines": [], "summary": {"covered_lines": 0, "num_statements": 1, "percent_covered": 0.0, "percent_covered_display": "0", "missing_lines": 1, "excluded_lines": 0}, "missing_lines": [70], "excluded_lines": []}, "BaseAgent.think": {"executed_lines": [82, 84, 85, 88, 89, 103, 104, 108, 109, 110], "summary": {"covered_lines": 10, "num_statements": 33, "percent_covered": 30.303030303030305, "percent_covered_display": "30", "missing_lines": 23, "excluded_lines": 0}, "missing_lines": [86, 97, 98, 100, 112, 113, 117, 118, 119, 121, 122, 126, 127, 128, 130, 131, 135, 136, 137, 139, 140, 141, 142], "excluded_lines": []}, "BaseAgent.make_decision": {"executed_lines": [], "summary": {"covered_lines": 0, "num_statements": 27, "percent_covered": 0.0, "percent_covered_display": "0", "missing_lines": 27, "excluded_lines": 0}, "missing_lines": [160, 163, 175, 179, 180, 181, 182, 183, 185, 186, 187, 188, 189, 190, 191, 192, 193, 194, 195, 196, 197, 199, 212, 213, 218, 219, 223], "excluded_lines": []}, "BaseAgent.send_message": {"executed_lines": [], "summary": {"covered_lines": 0, "num_statements": 4, "percent_covered": 0.0, "percent_covered_display": "0", "missing_lines": 4, "excluded_lines": 0}, "missing_lines": [233, 237, 238, 240], "excluded_lines": []}, "BaseAgent.receive_message": {"executed_lines": [], "summary": {"covered_lines": 0, "num_statements": 3, "percent_covered": 0.0, "percent_covered_display": "0", "missing_lines": 3, "excluded_lines": 0}, "missing_lines": [251, 252, 256], "excluded_lines": []}, "BaseAgent.get_decision_trail": {"executed_lines": [], "summary": {"covered_lines": 0, "num_statements": 1, "percent_covered": 0.0, "percent_covered_display": "0", "missing_lines": 1, "excluded_lines": 0}, "missing_lines": [264], "excluded_lines": []}, "BaseAgent.get_audit_log": {"executed_lines": [], "summary": {"covered_lines": 0, "num_statements": 1, "percent_covered": 0.0, "percent_covered_display": "0", "missing_lines": 1, "excluded_lines": 0}, "missing_lines": [272], "excluded_lines": []}, "": {"executed_lines": [1, 2, 3, 4, 5, 6, 8, 9, 10, 12, 13, 15, 18, 19, 21, 22, 23, 24, 25, 26, 27, 30, 31, 38, 48, 49, 60, 61, 72, 144, 225, 242, 258, 266], "summary": {"covered_lines": 31, "num_statements": 31, "percent_covered": 100.0, "percent_covered_display": "100", "missing_lines": 0, "excluded_lines": 0}, "missing_lines": [], "excluded_lines": []}}, "classes": {"AgentConfig": {"executed_lines": [], "summary": {"covered_lines": 0, "num_statements": 0, "percent_covered": 100.0, "percent_covered_display": "100", "missing_lines": 0, "excluded_lines": 0}, "missing_lines": [], "excluded_lines": []}, "BaseAgent": {"executed_lines": [39, 40, 41, 42, 43, 44, 46, 82, 84, 85, 88, 89, 103, 104, 108, 109, 110], "summary": {"covered_lines": 17, "num_statements": 78, "percent_covered": 21.794871794871796, "percent_covered_display": "22", "missing_lines": 61, "excluded_lines": 0}, "missing_lines": [58, 70, 86, 97, 98, 100, 112, 113, 117, 118, 119, 121, 122, 126, 127, 128, 130, 131, 135, 136, 137, 139, 140, 141, 142, 160, 163, 175, 179, 180, 181, 182, 183, 185, 186, 187, 188, 189, 190, 191, 192, 193, 194, 195, 196, 197, 199, 212, 213, 218, 219, 223, 233, 237, 238, 240, 251, 252, 256, 264, 272], "excluded_lines": []}, "": {"executed_lines": [1, 2, 3, 4, 5, 6, 8, 9, 10, 12, 13, 15, 18, 19, 21, 22, 23, 24, 25, 26, 27, 30, 31, 38, 48, 49, 60, 61, 72, 144, 225, 242, 258, 266], "summary": {"covered_lines": 31, "num_statements": 31, "percent_covered": 100.0, "percent_covered_display": "100", "missing_lines": 0, "excluded_lines": 0}, "missing_lines": [], "excluded_lines": []}}}, "app/agents/base/orchestrator.py": {"executed_lines": [1, 2, 3, 4, 6, 8, 9, 12, 13, 15, 16, 17, 18, 20, 29, 40, 51, 71, 113, 137, 150, 163], "summary": {"covered_lines": 20, "num_statements": 70, "percent_covered": 28.571428571428573, "percent_covered_display": "29", "missing_lines": 50, "excluded_lines": 0}, "missing_lines": [26, 27, 38, 49, 64, 66, 67, 69, 80, 81, 82, 85, 86, 87, 89, 91, 93, 94, 96, 97, 98, 99, 100, 102, 103, 104, 105, 106, 109, 111, 122, 124, 125, 127, 128, 131, 132, 134, 135, 143, 144, 145, 146, 148, 156, 157, 158, 159, 161, 169], "excluded_lines": [], "functions": {"AgentOrchestrator.__init__": {"executed_lines": [16, 17, 18], "summary": {"covered_lines": 3, "num_statements": 3, "percent_covered": 100.0, "percent_covered_display": "100", "missing_lines": 0, "excluded_lines": 0}, "missing_lines": [], "excluded_lines": []}, "AgentOrchestrator.register_agent": {"executed_lines": [], "summary": {"covered_lines": 0, "num_statements": 2, "percent_covered": 0.0, "percent_covered_display": "0", "missing_lines": 2, "excluded_lines": 0}, "missing_lines": [26, 27], "excluded_lines": []}, "AgentOrchestrator.get_agent": {"executed_lines": [], "summary": {"covered_lines": 0, "num_statements": 1, "percent_covered": 0.0, "percent_covered_display": "0", "missing_lines": 1, "excluded_lines": 0}, "missing_lines": [38], "excluded_lines": []}, "AgentOrchestrator.get_agents_by_role": {"executed_lines": [], "summary": {"covered_lines": 0, "num_statements": 1, "percent_covered": 0.0, "percent_covered_display": "0", "missing_lines": 1, "excluded_lines": 0}, "missing_lines": [49], "excluded_lines": []}, "AgentOrchestrator.create_task": {"executed_lines": [], "summary": {"covered_lines": 0, "num_statements": 4, "percent_covered": 0.0, "percent_covered_display": "0", "missing_lines": 4, "excluded_lines": 0}, "missing_lines": [64, 66, 67, 69], "excluded_lines": []}, "AgentOrchestrator.execute_task": {"executed_lines": [], "summary": {"covered_lines": 0, "num_statements": 22, "percent_covered": 0.0, "percent_covered_display": "0", "missing_lines": 22, "excluded_lines": 0}, "missing_lines": [80, 81, 82, 85, 86, 87, 89, 91, 93, 94, 96, 97, 98, 99, 100, 102, 103, 104, 105, 106, 109, 111], "excluded_lines": []}, "AgentOrchestrator.execute_workflow": {"executed_lines": [], "summary": {"covered_lines": 0, "num_statements": 9, "percent_covered": 0.0, "percent_covered_display": "0", "missing_lines": 9, "excluded_lines": 0}, "missing_lines": [122, 124, 125, 127, 128, 131, 132, 134, 135], "excluded_lines": []}, "AgentOrchestrator.route_message": {"executed_lines": [], "summary": {"covered_lines": 0, "num_statements": 5, "percent_covered": 0.0, "percent_covered_display": "0", "missing_lines": 5, "excluded_lines": 0}, "missing_lines": [143, 144, 145, 146, 148], "excluded_lines": []}, "AgentOrchestrator.get_all_decisions": {"executed_lines": [], "summary": {"covered_lines": 0, "num_statements": 5, "percent_covered": 0.0, "percent_covered_display": "0", "missing_lines": 5, "excluded_lines": 0}, "missing_lines": [156, 157, 158, 159, 161], "excluded_lines": []}, "AgentOrchestrator.get_audit_trail": {"executed_lines": [], "summary": {"covered_lines": 0, "num_statements": 1, "percent_covered": 0.0, "percent_covered_display": "0", "missing_lines": 1, "excluded_lines": 0}, "missing_lines": [169], "excluded_lines": []}, "": {"executed_lines": [1, 2, 3, 4, 6, 8, 9, 12, 13, 15, 20, 29, 40, 51, 71, 113, 137, 150, 163], "summary": {"covered_lines": 17, "num_statements": 17, "percent_covered": 100.0, "percent_covered_display": "100", "missing_lines": 0, "excluded_lines": 0}, "missing_lines": [], "excluded_lines": []}}, "classes": {"AgentOrchestrator": {"executed_lines": [16, 17, 18], "summary": {"covered_lines": 3, "num_statements": 53, "percent_covered": 5.660377358490566, "percent_covered_display": "6", "missing_lines": 50, "excluded_lines": 0}, "missing_lines": [26, 27, 38, 49, 64, 66, 67, 69, 80, 81, 82, 85, 86, 87, 89, 91, 93, 94, 96, 97, 98, 99, 100, 102, 103, 104, 105, 106, 109, 111, 122, 124, 125, 127, 128, 131, 132, 134, 135, 143, 144, 145, 146, 148, 156, 157, 158, 159, 161, 169], "excluded_lines": []}, "": {"executed_lines": [1, 2, 3, 4, 6, 8, 9, 12, 13, 15, 20, 29, 40, 51, 71, 113, 137, 150, 163], "summary": {"covered_lines": 17, "num_statements": 17, "percent_covered": 100.0, "percent_covered_display": "100", "missing_lines": 0, "excluded_lines": 0}, "missing_lines": [], "excluded_lines": []}}}, "app/agents/base/registry.py": {"executed_lines": [1, 2, 4, 6, 7, 10, 11, 17, 18, 19, 21, 37, 48, 59, 70, 78, 89, 99, 102], "summary": {"covered_lines": 17, "num_statements": 31, "percent_covered": 54.83870967741935, "percent_covered_display": "55", "missing_lines": 14, "excluded_lines": 0}, "missing_lines": [28, 29, 30, 32, 43, 44, 45, 46, 57, 68, 76, 87, 95, 108], "excluded_lines": [], "functions": {"AgentRegistry.__init__": {"executed_lines": [18, 19], "summary": {"covered_lines": 2, "num_statements": 2, "percent_covered": 100.0, "percent_covered_display": "100", "missing_lines": 0, "excluded_lines": 0}, "missing_lines": [], "excluded_lines": []}, "AgentRegistry.register": {"executed_lines": [], "summary": {"covered_lines": 0, "num_statements": 4, "percent_covered": 0.0, "percent_covered_display": "0", "missing_lines": 4, "excluded_lines": 0}, "missing_lines": [28, 29, 30, 32], "excluded_lines": []}, "AgentRegistry.unregister": {"executed_lines": [], "summary": {"covered_lines": 0, "num_statements": 4, "percent_covered": 0.0, "percent_covered_display": "0", "missing_lines": 4, "excluded_lines": 0}, "missing_lines": [43, 44, 45, 46], "excluded_lines": []}, "AgentRegistry.get_agent_class": {"executed_lines": [], "summary": {"covered_lines": 0, "num_statements": 1, "percent_covered": 0.0, "percent_covered_display": "0", "missing_lines": 1, "excluded_lines": 0}, "missing_lines": [57], "excluded_lines": []}, "AgentRegistry.get_profile": {"executed_lines": [], "summary": {"covered_lines": 0, "num_statements": 1, "percent_covered": 0.0, "percent_covered_display": "0", "missing_lines": 1, "excluded_lines": 0}, "missing_lines": [68], "excluded_lines": []}, "AgentRegistry.list_agents": {"executed_lines": [], "summary": {"covered_lines": 0, "num_statements": 1, "percent_covered": 0.0, "percent_covered_display": "0", "missing_lines": 1, "excluded_lines": 0}, "missing_lines": [76], "excluded_lines": []}, "AgentRegistry.list_by_role": {"executed_lines": [], "summary": {"covered_lines": 0, "num_statements": 1, "percent_covered": 0.0, "percent_covered_display": "0", "missing_lines": 1, "excluded_lines": 0}, "missing_lines": [87], "excluded_lines": []}, "AgentRegistry.get_all_profiles": {"executed_lines": [], "summary": {"covered_lines": 0, "num_statements": 1, "percent_covered": 0.0, "percent_covered_display": "0", "missing_lines": 1, "excluded_lines": 0}, "missing_lines": [95], "excluded_lines": []}, "get_registry": {"executed_lines": [], "summary": {"covered_lines": 0, "num_statements": 1, "percent_covered": 0.0, "percent_covered_display": "0", "missing_lines": 1, "excluded_lines": 0}, "missing_lines": [108], "excluded_lines": []}, "": {"executed_lines": [1, 2, 4, 6, 7, 10, 11, 17, 21, 37, 48, 59, 70, 78, 89, 99, 102], "summary": {"covered_lines": 15, "num_statements": 15, "percent_covered": 100.0, "percent_covered_display": "100", "missing_lines": 0, "excluded_lines": 0}, "missing_lines": [], "excluded_lines": []}}, "classes": {"AgentRegistry": {"executed_lines": [18, 19], "summary": {"covered_lines": 2, "num_statements": 15, "percent_covered": 13.333333333333334, "percent_covered_display": "13", "missing_lines": 13, "excluded_lines": 0}, "missing_lines": [28, 29, 30, 32, 43, 44, 45, 46, 57, 68, 76, 87, 95], "excluded_lines": []}, "": {"executed_lines": [1, 2, 4, 6, 7, 10, 11, 17, 21, 37, 48, 59, 70, 78, 89, 99, 102], "summary": {"covered_lines": 15, "num_statements": 16, "percent_covered": 93.75, "percent_covered_display": "94", "missing_lines": 1, "excluded_lines": 0}, "missing_lines": [108], "excluded_lines": []}}}, "app/agents/base/types.py": {"executed_lines": [1, 2, 3, 4, 5, 7, 10, 11, 13, 14, 15, 16, 17, 18, 19, 20, 21, 22, 23, 26, 27, 29, 30, 31, 32, 33, 34, 37, 38, 40, 41, 42, 43, 44, 45, 48, 49, 51, 52, 53, 54, 55, 56, 57, 58, 59, 62, 63, 66, 67, 70, 71, 73, 74, 75, 76, 77, 78, 79, 80, 81, 82, 83, 86, 87, 89, 90, 91, 92, 93, 94, 95, 96, 97, 98, 99], "summary": {"covered_lines": 69, "num_statements": 69, "percent_covered": 100.0, "percent_covered_display": "100", "missing_lines": 0, "excluded_lines": 0}, "missing_lines": [], "excluded_lines": [], "functions": {"": {"executed_lines": [1, 2, 3, 4, 5, 7, 10, 11, 13, 14, 15, 16, 17, 18, 19, 20, 21, 22, 23, 26, 27, 29, 30, 31, 32, 33, 34, 37, 38, 40, 41, 42, 43, 44, 45, 48, 49, 51, 52, 53, 54, 55, 56, 57, 58, 59, 62, 63, 66, 67, 70, 71, 73, 74, 75, 76, 77, 78, 79, 80, 81, 82, 83, 86, 87, 89, 90, 91, 92, 93, 94, 95, 96, 97, 98, 99], "summary": {"covered_lines": 69, "num_statements": 69, "percent_covered": 100.0, "percent_covered_display": "100", "missing_lines": 0, "excluded_lines": 0}, "missing_lines": [], "excluded_lines": []}}, "classes": {"AgentRole": {"executed_lines": [], "summary": {"covered_lines": 0, "num_statements": 0, "percent_covered": 100.0, "percent_covered_display": "100", "missing_lines": 0, "excluded_lines": 0}, "missing_lines": [], "excluded_lines": []}, "AgentStatus": {"executed_lines": [], "summary": {"covered_lines": 0, "num_statements": 0, "percent_covered": 100.0, "percent_covered_display": "100", "missing_lines": 0, "excluded_lines": 0}, "missing_lines": [], "excluded_lines": []}, "AgentMessage": {"executed_lines": [], "summary": {"covered_lines": 0, "num_statements": 0, "percent_covered": 100.0, "percent_covered_display": "100", "missing_lines": 0, "excluded_lines": 0}, "missing_lines": [], "excluded_lines": []}, "AgentDecision": {"executed_lines": [], "summary": {"covered_lines": 0, "num_statements": 0, "percent_covered": 100.0, "percent_covered_display": "100", "missing_lines": 0, "excluded_lines": 0}, "missing_lines": [], "excluded_lines": []}, "AgentTask": {"executed_lines": [], "summary": {"covered_lines": 0, "num_statements": 0, "percent_covered": 100.0, "percent_covered_display": "100", "missing_lines": 0, "excluded_lines": 0}, "missing_lines": [], "excluded_lines": []}, "AgentProfile": {"executed_lines": [], "summary": {"covered_lines": 0, "num_statements": 0, "percent_covered": 100.0, "percent_covered_display": "100", "missing_lines": 0, "excluded_lines": 0}, "missing_lines": [], "excluded_lines": []}, "": {"executed_lines": [1, 2, 3, 4, 5, 7, 10, 11, 13, 14, 15, 16, 17, 18, 19, 20, 21, 22, 23, 26, 27, 29, 30, 31, 32, 33, 34, 37, 38, 40, 41, 42, 43, 44, 45, 48, 49, 51, 52, 53, 54, 55, 56, 57, 58, 59, 62, 63, 66, 67, 70, 71, 73, 74, 75, 76, 77, 78, 79, 80, 81, 82, 83, 86, 87, 89, 90, 91, 92, 93, 94, 95, 96, 97, 98, 99], "summary": {"covered_lines": 69, "num_statements": 69, "percent_covered": 100.0, "percent_covered_display": "100", "missing_lines": 0, "excluded_lines": 0}, "missing_lines": [], "excluded_lines": []}}}, "app/agents/specialized/__init__.py": {"executed_lines": [1, 2, 3, 4, 5, 6, 7, 9], "summary": {"covered_lines": 7, "num_statements": 7, "percent_covered": 100.0, "percent_covered_display": "100", "missing_lines": 0, "excluded_lines": 0}, "missing_lines": [], "excluded_lines": [], "functions": {"": {"executed_lines": [1, 2, 3, 4, 5, 6, 7, 9], "summary": {"covered_lines": 7, "num_statements": 7, "percent_covered": 100.0, "percent_covered_display": "100", "missing_lines": 0, "excluded_lines": 0}, "missing_lines": [], "excluded_lines": []}}, "classes": {"": {"executed_lines": [1, 2, 3, 4, 5, 6, 7, 9], "summary": {"covered_lines": 7, "num_statements": 7, "percent_covered": 100.0, "percent_covered_display": "100", "missing_lines": 0, "excluded_lines": 0}, "missing_lines": [], "excluded_lines": []}}}, "app/agents/specialized/coordinator.py": {"executed_lines": [1, 2, 4, 6, 9, 10, 19, 23, 57, 140], "summary": {"covered_lines": 8, "num_statements": 24, "percent_covered": 33.333333333333336, "percent_covered_display": "33", "missing_lines": 16, "excluded_lines": 0}, "missing_lines": [20, 21, 25, 73, 74, 76, 79, 93, 96, 111, 114, 123, 151, 168, 170, 175], "excluded_lines": [], "functions": {"CoordinatorAgent.__init__": {"executed_lines": [], "summary": {"covered_lines": 0, "num_statements": 2, "percent_covered": 0.0, "percent_covered_display": "0", "missing_lines": 2, "excluded_lines": 0}, "missing_lines": [20, 21], "excluded_lines": []}, "CoordinatorAgent.get_system_prompt": {"executed_lines": [], "summary": {"covered_lines": 0, "num_statements": 1, "percent_covered": 0.0, "percent_covered_display": "0", "missing_lines": 1, "excluded_lines": 0}, "missing_lines": [25], "excluded_lines": []}, "CoordinatorAgent.process": {"executed_lines": [], "summary": {"covered_lines": 0, "num_statements": 9, "percent_covered": 0.0, "percent_covered_display": "0", "missing_lines": 9, "excluded_lines": 0}, "missing_lines": [73, 74, 76, 79, 93, 96, 111, 114, 123], "excluded_lines": []}, "CoordinatorAgent.synthesize_results": {"executed_lines": [], "summary": {"covered_lines": 0, "num_statements": 4, "percent_covered": 0.0, "percent_covered_display": "0", "missing_lines": 4, "excluded_lines": 0}, "missing_lines": [151, 168, 170, 175], "excluded_lines": []}, "": {"executed_lines": [1, 2, 4, 6, 9, 10, 19, 23, 57, 140], "summary": {"covered_lines": 8, "num_statements": 8, "percent_covered": 100.0, "percent_covered_display": "100", "missing_lines": 0, "excluded_lines": 0}, "missing_lines": [], "excluded_lines": []}}, "classes": {"CoordinatorAgent": {"executed_lines": [], "summary": {"covered_lines": 0, "num_statements": 16, "percent_covered": 0.0, "percent_covered_display": "0", "missing_lines": 16, "excluded_lines": 0}, "missing_lines": [20, 21, 25, 73, 74, 76, 79, 93, 96, 111, 114, 123, 151, 168, 170, 175], "excluded_lines": []}, "": {"executed_lines": [1, 2, 4, 6, 9, 10, 19, 23, 57, 140], "summary": {"covered_lines": 8, "num_statements": 8, "percent_covered": 100.0, "percent_covered_display": "100", "missing_lines": 0, "excluded_lines": 0}, "missing_lines": [], "excluded_lines": []}}}, "app/agents/specialized/credibility.py": {"executed_lines": [1, 2, 3, 5, 7, 10, 11, 12, 13, 14, 15, 18, 19, 32, 36, 101, 176, 242, 258, 284, 298], "summary": {"covered_lines": 18, "num_statements": 83, "percent_covered": 21.686746987951807, "percent_covered_display": "22", "missing_lines": 65, "excluded_lines": 0}, "missing_lines": [33, 34, 38, 113, 114, 116, 118, 120, 122, 125, 126, 127, 130, 135, 138, 145, 152, 163, 186, 187, 188, 189, 190, 191, 194, 195, 198, 225, 228, 229, 231, 244, 246, 247, 248, 249, 250, 251, 252, 253, 256, 261, 263, 269, 270, 271, 272, 275, 276, 277, 278, 279, 280, 282, 286, 288, 289, 290, 291, 292, 293, 294, 296, 300, 306], "excluded_lines": [], "functions": {"CredibilityAgent.__init__": {"executed_lines": [], "summary": {"covered_lines": 0, "num_statements": 2, "percent_covered": 0.0, "percent_covered_display": "0", "missing_lines": 2, "excluded_lines": 0}, "missing_lines": [33, 34], "excluded_lines": []}, "CredibilityAgent.get_system_prompt": {"executed_lines": [], "summary": {"covered_lines": 0, "num_statements": 1, "percent_covered": 0.0, "percent_covered_display": "0", "missing_lines": 1, "excluded_lines": 0}, "missing_lines": [38], "excluded_lines": []}, "CredibilityAgent.process": {"executed_lines": [], "summary": {"covered_lines": 0, "num_statements": 15, "percent_covered": 0.0, "percent_covered_display": "0", "missing_lines": 15, "excluded_lines": 0}, "missing_lines": [113, 114, 116, 118, 120, 122, 125, 126, 127, 130, 135, 138, 145, 152, 163], "excluded_lines": []}, "CredibilityAgent._evaluate_credibility": {"executed_lines": [], "summary": {"covered_lines": 0, "num_statements": 13, "percent_covered": 0.0, "percent_covered_display": "0", "missing_lines": 13, "excluded_lines": 0}, "missing_lines": [186, 187, 188, 189, 190, 191, 194, 195, 198, 225, 228, 229, 231], "excluded_lines": []}, "CredibilityAgent._parse_credibility_level": {"executed_lines": [], "summary": {"covered_lines": 0, "num_statements": 10, "percent_covered": 0.0, "percent_covered_display": "0", "missing_lines": 10, "excluded_lines": 0}, "missing_lines": [244, 246, 247, 248, 249, 250, 251, 252, 253, 256], "excluded_lines": []}, "CredibilityAgent._parse_score": {"executed_lines": [], "summary": {"covered_lines": 0, "num_statements": 13, "percent_covered": 0.0, "percent_covered_display": "0", "missing_lines": 13, "excluded_lines": 0}, "missing_lines": [261, 263, 269, 270, 271, 272, 275, 276, 277, 278, 279, 280, 282], "excluded_lines": []}, "CredibilityAgent._parse_replicability": {"executed_lines": [], "summary": {"covered_lines": 0, "num_statements": 9, "percent_covered": 0.0, "percent_covered_display": "0", "missing_lines": 9, "excluded_lines": 0}, "missing_lines": [286, 288, 289, 290, 291, 292, 293, 294, 296], "excluded_lines": []}, "CredibilityAgent._get_color_for_level": {"executed_lines": [], "summary": {"covered_lines": 0, "num_statements": 2, "percent_covered": 0.0, "percent_covered_display": "0", "missing_lines": 2, "excluded_lines": 0}, "missing_lines": [300, 306], "excluded_lines": []}, "": {"executed_lines": [1, 2, 3, 5, 7, 10, 11, 12, 13, 14, 15, 18, 19, 32, 36, 101, 176, 242, 258, 284, 298], "summary": {"covered_lines": 18, "num_statements": 18, "percent_covered": 100.0, "percent_covered_display": "100", "missing_lines": 0, "excluded_lines": 0}, "missing_lines": [], "excluded_lines": []}}, "classes": {"CredibilityLevel": {"executed_lines": [], "summary": {"covered_lines": 0, "num_statements": 0, "percent_covered": 100.0, "percent_covered_display": "100", "missing_lines": 0, "excluded_lines": 0}, "missing_lines": [], "excluded_lines": []}, "CredibilityAgent": {"executed_lines": [], "summary": {"covered_lines": 0, "num_statements": 65, "percent_covered": 0.0, "percent_covered_display": "0", "missing_lines": 65, "excluded_lines": 0}, "missing_lines": [33, 34, 38, 113, 114, 116, 118, 120, 122, 125, 126, 127, 130, 135, 138, 145, 152, 163, 186, 187, 188, 189, 190, 191, 194, 195, 198, 225, 228, 229, 231, 244, 246, 247, 248, 249, 250, 251, 252, 253, 256, 261, 263, 269, 270, 271, 272, 275, 276, 277, 278, 279, 280, 282, 286, 288, 289, 290, 291, 292, 293, 294, 296, 300, 306], "excluded_lines": []}, "": {"executed_lines": [1, 2, 3, 5, 7, 10, 11, 12, 13, 14, 15, 18, 19, 32, 36, 101, 176, 242, 258, 284, 298], "summary": {"covered_lines": 18, "num_statements": 18, "percent_covered": 100.0, "percent_covered_display": "100", "missing_lines": 0, "excluded_lines": 0}, "missing_lines": [], "excluded_lines": []}}}, "app/agents/specialized/qa.py": {"executed_lines": [1, 2, 4, 6, 9, 10, 20, 25, 67, 142, 151, 172], "summary": {"covered_lines": 10, "num_statements": 35, "percent_covered": 28.571428571428573, "percent_covered_display": "29", "missing_lines": 25, "excluded_lines": 0}, "missing_lines": [21, 22, 23, 27, 80, 81, 83, 86, 87, 90, 103, 106, 125, 128, 133, 148, 149, 161, 162, 164, 165, 168, 170, 183, 191], "excluded_lines": [], "functions": {"QAAgent.__init__": {"executed_lines": [], "summary": {"covered_lines": 0, "num_statements": 3, "percent_covered": 0.0, "percent_covered_display": "0", "missing_lines": 3, "excluded_lines": 0}, "missing_lines": [21, 22, 23], "excluded_lines": []}, "QAAgent.get_system_prompt": {"executed_lines": [], "summary": {"covered_lines": 0, "num_statements": 1, "percent_covered": 0.0, "percent_covered_display": "0", "missing_lines": 1, "excluded_lines": 0}, "missing_lines": [27], "excluded_lines": []}, "QAAgent.process": {"executed_lines": [], "summary": {"covered_lines": 0, "num_statements": 11, "percent_covered": 0.0, "percent_covered_display": "0", "missing_lines": 11, "excluded_lines": 0}, "missing_lines": [80, 81, 83, 86, 87, 90, 103, 106, 125, 128, 133], "excluded_lines": []}, "QAAgent.update_context": {"executed_lines": [], "summary": {"covered_lines": 0, "num_statements": 2, "percent_covered": 0.0, "percent_covered_display": "0", "missing_lines": 2, "excluded_lines": 0}, "missing_lines": [148, 149], "excluded_lines": []}, "QAAgent._extract_sources": {"executed_lines": [], "summary": {"covered_lines": 0, "num_statements": 6, "percent_covered": 0.0, "percent_covered_display": "0", "missing_lines": 6, "excluded_lines": 0}, "missing_lines": [161, 162, 164, 165, 168, 170], "excluded_lines": []}, "QAAgent._generate_follow_ups": {"executed_lines": [], "summary": {"covered_lines": 0, "num_statements": 2, "percent_covered": 0.0, "percent_covered_display": "0", "missing_lines": 2, "excluded_lines": 0}, "missing_lines": [183, 191], "excluded_lines": []}, "": {"executed_lines": [1, 2, 4, 6, 9, 10, 20, 25, 67, 142, 151, 172], "summary": {"covered_lines": 10, "num_statements": 10, "percent_covered": 100.0, "percent_covered_display": "100", "missing_lines": 0, "excluded_lines": 0}, "missing_lines": [], "excluded_lines": []}}, "classes": {"QAAgent": {"executed_lines": [], "summary": {"covered_lines": 0, "num_statements": 25, "percent_covered": 0.0, "percent_covered_display": "0", "missing_lines": 25, "excluded_lines": 0}, "missing_lines": [21, 22, 23, 27, 80, 81, 83, 86, 87, 90, 103, 106, 125, 128, 133, 148, 149, 161, 162, 164, 165, 168, 170, 183, 191], "excluded_lines": []}, "": {"executed_lines": [1, 2, 4, 6, 9, 10, 20, 25, 67, 142, 151, 172], "summary": {"covered_lines": 10, "num_statements": 10, "percent_covered": 100.0, "percent_covered_display": "100", "missing_lines": 0, "excluded_lines": 0}, "missing_lines": [], "excluded_lines": []}}}, "app/agents/specialized/screening.py": {"executed_lines": [1, 2, 4, 6, 9, 10, 20, 24, 58, 133, 214, 242], "summary": {"covered_lines": 10, "num_statements": 69, "percent_covered": 14.492753623188406, "percent_covered_display": "14", "missing_lines": 59, "excluded_lines": 0}, "missing_lines": [21, 22, 26, 72, 73, 74, 75, 77, 81, 82, 83, 86, 87, 91, 92, 93, 94, 96, 99, 108, 122, 152, 177, 180, 181, 182, 183, 185, 186, 187, 188, 189, 190, 191, 193, 194, 195, 196, 197, 198, 199, 200, 203, 204, 206, 234, 251, 252, 253, 255, 256, 257, 258, 259, 260, 261, 262, 264, 266], "excluded_lines": [], "functions": {"ScreeningAgent.__init__": {"executed_lines": [], "summary": {"covered_lines": 0, "num_statements": 2, "percent_covered": 0.0, "percent_covered_display": "0", "missing_lines": 2, "excluded_lines": 0}, "missing_lines": [21, 22], "excluded_lines": []}, "ScreeningAgent.get_system_prompt": {"executed_lines": [], "summary": {"covered_lines": 0, "num_statements": 1, "percent_covered": 0.0, "percent_covered_display": "0", "missing_lines": 1, "excluded_lines": 0}, "missing_lines": [26], "excluded_lines": []}, "ScreeningAgent.process": {"executed_lines": [], "summary": {"covered_lines": 0, "num_statements": 18, "percent_covered": 0.0, "percent_covered_display": "0", "missing_lines": 18, "excluded_lines": 0}, "missing_lines": [72, 73, 74, 75, 77, 81, 82, 83, 86, 87, 91, 92, 93, 94, 96, 99, 108, 122], "excluded_lines": []}, "ScreeningAgent._screen_study": {"executed_lines": [], "summary": {"covered_lines": 0, "num_statements": 24, "percent_covered": 0.0, "percent_covered_display": "0", "missing_lines": 24, "excluded_lines": 0}, "missing_lines": [152, 177, 180, 181, 182, 183, 185, 186, 187, 188, 189, 190, 191, 193, 194, 195, 196, 197, 198, 199, 200, 203, 204, 206], "excluded_lines": []}, "ScreeningAgent._generate_prisma_data": {"executed_lines": [], "summary": {"covered_lines": 0, "num_statements": 1, "percent_covered": 0.0, "percent_covered_display": "0", "missing_lines": 1, "excluded_lines": 0}, "missing_lines": [234], "excluded_lines": []}, "ScreeningAgent._count_exclusion_reasons": {"executed_lines": [], "summary": {"covered_lines": 0, "num_statements": 13, "percent_covered": 0.0, "percent_covered_display": "0", "missing_lines": 13, "excluded_lines": 0}, "missing_lines": [251, 252, 253, 255, 256, 257, 258, 259, 260, 261, 262, 264, 266], "excluded_lines": []}, "": {"executed_lines": [1, 2, 4, 6, 9, 10, 20, 24, 58, 133, 214, 242], "summary": {"covered_lines": 10, "num_statements": 10, "percent_covered": 100.0, "percent_covered_display": "100", "missing_lines": 0, "excluded_lines": 0}, "missing_lines": [], "excluded_lines": []}}, "classes": {"ScreeningAgent": {"executed_lines": [], "summary": {"covered_lines": 0, "num_statements": 59, "percent_covered": 0.0, "percent_covered_display": "0", "missing_lines": 59, "excluded_lines": 0}, "missing_lines": [21, 22, 26, 72, 73, 74, 75, 77, 81, 82, 83, 86, 87, 91, 92, 93, 94, 96, 99, 108, 122, 152, 177, 180, 181, 182, 183, 185, 186, 187, 188, 189, 190, 191, 193, 194, 195, 196, 197, 198, 199, 200, 203, 204, 206, 234, 251, 252, 253, 255, 256, 257, 258, 259, 260, 261, 262, 264, 266], "excluded_lines": []}, "": {"executed_lines": [1, 2, 4, 6, 9, 10, 20, 24, 58, 133, 214, 242], "summary": {"covered_lines": 10, "num_statements": 10, "percent_covered": 100.0, "percent_covered_display": "100", "missing_lines": 0, "excluded_lines": 0}, "missing_lines": [], "excluded_lines": []}}}, "app/agents/specialized/search.py": {"executed_lines": [1, 2, 3, 5, 7, 8, 10, 13, 14, 23, 27, 70, 172, 256, 278, 363, 427], "summary": {"covered_lines": 15, "num_statements": 157, "percent_covered": 9.554140127388536, "percent_covered_display": "10", "missing_lines": 142, "excluded_lines": 0}, "missing_lines": [24, 25, 29, 85, 86, 87, 89, 92, 106, 109, 110, 112, 113, 115, 116, 117, 118, 123, 124, 125, 126, 131, 132, 133, 134, 139, 140, 141, 142, 149, 152, 162, 185, 188, 190, 192, 193, 205, 206, 207, 209, 210, 212, 213, 214, 216, 219, 229, 230, 232, 233, 235, 236, 237, 239, 250, 252, 253, 254, 265, 266, 268, 270, 271, 272, 273, 275, 276, 291, 294, 296, 297, 298, 308, 309, 310, 313, 314, 317, 322, 323, 325, 327, 328, 329, 330, 331, 334, 335, 336, 337, 338, 341, 342, 343, 345, 357, 359, 360, 361, 376, 379, 381, 382, 383, 393, 394, 395, 397, 398, 400, 402, 403, 405, 406, 407, 409, 421, 423, 424, 425, 440, 443, 445, 446, 447, 456, 457, 458, 460, 461, 463, 465, 466, 468, 469, 470, 472, 484, 486, 487, 488], "excluded_lines": [], "functions": {"SearchAgent.__init__": {"executed_lines": [], "summary": {"covered_lines": 0, "num_statements": 2, "percent_covered": 0.0, "percent_covered_display": "0", "missing_lines": 2, "excluded_lines": 0}, "missing_lines": [24, 25], "excluded_lines": []}, "SearchAgent.get_system_prompt": {"executed_lines": [], "summary": {"covered_lines": 0, "num_statements": 1, "percent_covered": 0.0, "percent_covered_display": "0", "missing_lines": 1, "excluded_lines": 0}, "missing_lines": [29], "excluded_lines": []}, "SearchAgent.process": {"executed_lines": [], "summary": {"covered_lines": 0, "num_statements": 29, "percent_covered": 0.0, "percent_covered_display": "0", "missing_lines": 29, "excluded_lines": 0}, "missing_lines": [85, 86, 87, 89, 92, 106, 109, 110, 112, 113, 115, 116, 117, 118, 123, 124, 125, 126, 131, 132, 133, 134, 139, 140, 141, 142, 149, 152, 162], "excluded_lines": []}, "SearchAgent._search_pubmed": {"executed_lines": [], "summary": {"covered_lines": 0, "num_statements": 27, "percent_covered": 0.0, "percent_covered_display": "0", "missing_lines": 27, "excluded_lines": 0}, "missing_lines": [185, 188, 190, 192, 193, 205, 206, 207, 209, 210, 212, 213, 214, 216, 219, 229, 230, 232, 233, 235, 236, 237, 239, 250, 252, 253, 254], "excluded_lines": []}, "SearchAgent._deduplicate": {"executed_lines": [], "summary": {"covered_lines": 0, "num_statements": 9, "percent_covered": 0.0, "percent_covered_display": "0", "missing_lines": 9, "excluded_lines": 0}, "missing_lines": [265, 266, 268, 270, 271, 272, 273, 275, 276], "excluded_lines": []}, "SearchAgent._search_arxiv": {"executed_lines": [], "summary": {"covered_lines": 0, "num_statements": 32, "percent_covered": 0.0, "percent_covered_display": "0", "missing_lines": 32, "excluded_lines": 0}, "missing_lines": [291, 294, 296, 297, 298, 308, 309, 310, 313, 314, 317, 322, 323, 325, 327, 328, 329, 330, 331, 334, 335, 336, 337, 338, 341, 342, 343, 345, 357, 359, 360, 361], "excluded_lines": []}, "SearchAgent._search_europepmc": {"executed_lines": [], "summary": {"covered_lines": 0, "num_statements": 21, "percent_covered": 0.0, "percent_covered_display": "0", "missing_lines": 21, "excluded_lines": 0}, "missing_lines": [376, 379, 381, 382, 383, 393, 394, 395, 397, 398, 400, 402, 403, 405, 406, 407, 409, 421, 423, 424, 425], "excluded_lines": []}, "SearchAgent._search_core": {"executed_lines": [], "summary": {"covered_lines": 0, "num_statements": 21, "percent_covered": 0.0, "percent_covered_display": "0", "missing_lines": 21, "excluded_lines": 0}, "missing_lines": [440, 443, 445, 446, 447, 456, 457, 458, 460, 461, 463, 465, 466, 468, 469, 470, 472, 484, 486, 487, 488], "excluded_lines": []}, "": {"executed_lines": [1, 2, 3, 5, 7, 8, 10, 13, 14, 23, 27, 70, 172, 256, 278, 363, 427], "summary": {"covered_lines": 15, "num_statements": 15, "percent_covered": 100.0, "percent_covered_display": "100", "missing_lines": 0, "excluded_lines": 0}, "missing_lines": [], "excluded_lines": []}}, "classes": {"SearchAgent": {"executed_lines": [], "summary": {"covered_lines": 0, "num_statements": 142, "percent_covered": 0.0, "percent_covered_display": "0", "missing_lines": 142, "excluded_lines": 0}, "missing_lines": [24, 25, 29, 85, 86, 87, 89, 92, 106, 109, 110, 112, 113, 115, 116, 117, 118, 123, 124, 125, 126, 131, 132, 133, 134, 139, 140, 141, 142, 149, 152, 162, 185, 188, 190, 192, 193, 205, 206, 207, 209, 210, 212, 213, 214, 216, 219, 229, 230, 232, 233, 235, 236, 237, 239, 250, 252, 253, 254, 265, 266, 268, 270, 271, 272, 273, 275, 276, 291, 294, 296, 297, 298, 308, 309, 310, 313, 314, 317, 322, 323, 325, 327, 328, 329, 330, 331, 334, 335, 336, 337, 338, 341, 342, 343, 345, 357, 359, 360, 361, 376, 379, 381, 382, 383, 393, 394, 395, 397, 398, 400, 402, 403, 405, 406, 407, 409, 421, 423, 424, 425, 440, 443, 445, 446, 447, 456, 457, 458, 460, 461, 463, 465, 466, 468, 469, 470, 472, 484, 486, 487, 488], "excluded_lines": []}, "": {"executed_lines": [1, 2, 3, 5, 7, 8, 10, 13, 14, 23, 27, 70, 172, 256, 278, 363, 427], "summary": {"covered_lines": 15, "num_statements": 15, "percent_covered": 100.0, "percent_covered_display": "100", "missing_lines": 0, "excluded_lines": 0}, "missing_lines": [], "excluded_lines": []}}}, "app/agents/specialized/statistical_agent.py": {"executed_lines": [1, 10, 11, 12, 13, 14, 16, 18, 19, 21, 24, 25, 32, 33, 61, 67, 71, 76, 79, 80, 82, 91, 92, 114, 120, 123, 124, 127, 128, 130, 140, 141, 165, 167, 168, 169, 170, 171, 173, 174, 175, 176, 179, 180, 183, 186, 187, 190, 191, 193, 204, 205, 222, 229, 230, 231, 232, 235, 236, 237, 238, 241, 244, 245, 247, 248, 250, 261, 262, 277, 278, 280, 281, 284, 287, 290, 291, 294, 295, 297, 311, 312, 317, 318, 339, 340, 343, 346, 347, 350, 351, 354, 355, 357, 369, 370, 394, 396, 397, 407, 408, 409, 412, 415, 418, 422, 423, 425, 428, 429, 430, 432, 435, 437, 445, 446, 463, 465, 469, 470, 471, 474, 475, 478, 479, 481, 483, 484, 488, 490, 491, 508, 510, 513, 515, 518, 519, 522, 525, 526, 529, 531, 534, 540, 542, 543, 566, 571, 576, 577, 580, 583, 584, 587, 588, 591, 592, 594, 608, 609, 611, 612, 630, 631, 640, 641, 645, 651, 652, 655, 656, 658, 659, 662, 663, 664, 667, 669, 678, 679, 696, 700, 701, 702, 704, 722, 723, 736, 737, 738, 740, 741, 742, 744, 746, 771, 785, 786, 787, 788, 790, 791, 793, 796, 798, 799, 800, 801, 802, 803, 809, 810, 811, 818, 819, 822, 827, 828, 830, 834, 835, 838, 839, 844, 849, 880, 883, 895, 897, 907, 916, 918, 920, 928, 935, 942, 947, 948, 949, 960, 967, 979, 984, 1013], "summary": {"covered_lines": 239, "num_statements": 264, "percent_covered": 90.53030303030303, "percent_covered_display": "91", "missing_lines": 25, "excluded_lines": 0}, "missing_lines": [223, 224, 225, 226, 227, 431, 433, 466, 486, 511, 567, 665, 804, 805, 807, 813, 814, 815, 854, 864, 885, 898, 921, 937, 1014], "excluded_lines": [], "functions": {"EffectSizeCalculator.cohens_d": {"executed_lines": [61, 67, 71, 76, 79, 80, 82], "summary": {"covered_lines": 7, "num_statements": 7, "percent_covered": 100.0, "percent_covered_display": "100", "missing_lines": 0, "excluded_lines": 0}, "missing_lines": [], "excluded_lines": []}, "EffectSizeCalculator.hedges_g": {"executed_lines": [114, 120, 123, 124, 127, 128, 130], "summary": {"covered_lines": 7, "num_statements": 7, "percent_covered": 100.0, "percent_covered_display": "100", "missing_lines": 0, "excluded_lines": 0}, "missing_lines": [], "excluded_lines": []}, "EffectSizeCalculator.odds_ratio": {"executed_lines": [165, 167, 168, 169, 170, 171, 173, 174, 175, 176, 179, 180, 183, 186, 187, 190, 191, 193], "summary": {"covered_lines": 18, "num_statements": 18, "percent_covered": 100.0, "percent_covered_display": "100", "missing_lines": 0, "excluded_lines": 0}, "missing_lines": [], "excluded_lines": []}, "EffectSizeCalculator.risk_ratio": {"executed_lines": [222, 229, 230, 231, 232, 235, 236, 237, 238, 241, 244, 245, 247, 248, 250], "summary": {"covered_lines": 15, "num_statements": 20, "percent_covered": 75.0, "percent_covered_display": "75", "missing_lines": 5, "excluded_lines": 0}, "missing_lines": [223, 224, 225, 226, 227], "excluded_lines": []}, "EffectSizeCalculator.fishers_z": {"executed_lines": [277, 278, 280, 281, 284, 287, 290, 291, 294, 295, 297], "summary": {"covered_lines": 11, "num_statements": 11, "percent_covered": 100.0, "percent_covered_display": "100", "missing_lines": 0, "excluded_lines": 0}, "missing_lines": [], "excluded_lines": []}, "MetaAnalysisCalculator.fixed_effects": {"executed_lines": [339, 340, 343, 346, 347, 350, 351, 354, 355, 357], "summary": {"covered_lines": 10, "num_statements": 10, "percent_covered": 100.0, "percent_covered_display": "100", "missing_lines": 0, "excluded_lines": 0}, "missing_lines": [], "excluded_lines": []}, "MetaAnalysisCalculator.calculate_heterogeneity": {"executed_lines": [394, 396, 397, 407, 408, 409, 412, 415, 418, 422, 423, 425, 428, 429, 430, 432, 435, 437], "summary": {"covered_lines": 18, "num_statements": 20, "percent_covered": 90.0, "percent_covered_display": "90", "missing_lines": 2, "excluded_lines": 0}, "missing_lines": [431, 433], "excluded_lines": []}, "MetaAnalysisCalculator.dersimonian_laird_tau_squared": {"executed_lines": [463, 465, 469, 470, 471, 474, 475, 478, 479, 481, 483, 484, 488], "summary": {"covered_lines": 13, "num_statements": 15, "percent_covered": 86.66666666666667, "percent_covered_display": "87", "missing_lines": 2, "excluded_lines": 0}, "missing_lines": [466, 486], "excluded_lines": []}, "MetaAnalysisCalculator.reml_tau_squared": {"executed_lines": [508, 510, 513, 515, 534, 540], "summary": {"covered_lines": 6, "num_statements": 7, "percent_covered": 85.71428571428571, "percent_covered_display": "86", "missing_lines": 1, "excluded_lines": 0}, "missing_lines": [511], "excluded_lines": []}, "MetaAnalysisCalculator.reml_tau_squared.neg_reml_likelihood": {"executed_lines": [518, 519, 522, 525, 526, 529, 531], "summary": {"covered_lines": 7, "num_statements": 7, "percent_covered": 100.0, "percent_covered_display": "100", "missing_lines": 0, "excluded_lines": 0}, "missing_lines": [], "excluded_lines": []}, "MetaAnalysisCalculator.random_effects": {"executed_lines": [566, 571, 576, 577, 580, 583, 584, 587, 588, 591, 592, 594], "summary": {"covered_lines": 12, "num_statements": 13, "percent_covered": 92.3076923076923, "percent_covered_display": "92", "missing_lines": 1, "excluded_lines": 0}, "missing_lines": [567], "excluded_lines": []}, "PublicationBiasAssessment.eggers_test": {"executed_lines": [630, 631, 640, 641, 645, 651, 652, 655, 656, 658, 659, 662, 663, 664, 667, 669], "summary": {"covered_lines": 16, "num_statements": 17, "percent_covered": 94.11764705882354, "percent_covered_display": "94", "missing_lines": 1, "excluded_lines": 0}, "missing_lines": [665], "excluded_lines": []}, "PublicationBiasAssessment.funnel_plot_data": {"executed_lines": [696, 700, 701, 702, 704], "summary": {"covered_lines": 5, "num_statements": 5, "percent_covered": 100.0, "percent_covered_display": "100", "missing_lines": 0, "excluded_lines": 0}, "missing_lines": [], "excluded_lines": []}, "StatisticalAgent.__init__": {"executed_lines": [737, 738, 740, 741, 742], "summary": {"covered_lines": 5, "num_statements": 5, "percent_covered": 100.0, "percent_covered_display": "100", "missing_lines": 0, "excluded_lines": 0}, "missing_lines": [], "excluded_lines": []}, "StatisticalAgent.get_system_prompt": {"executed_lines": [746], "summary": {"covered_lines": 1, "num_statements": 1, "percent_covered": 100.0, "percent_covered_display": "100", "missing_lines": 0, "excluded_lines": 0}, "missing_lines": [], "excluded_lines": []}, "StatisticalAgent.process": {"executed_lines": [785, 786, 787, 788, 790, 791, 793, 796, 798, 799, 800, 801, 802, 803, 809, 810, 811, 818, 819, 822, 827, 828, 830, 834, 835, 838, 839, 844, 849], "summary": {"covered_lines": 29, "num_statements": 37, "percent_covered": 78.37837837837837, "percent_covered_display": "78", "missing_lines": 8, "excluded_lines": 0}, "missing_lines": [804, 805, 807, 813, 814, 815, 854, 864], "excluded_lines": []}, "StatisticalAgent._calculate_continuous_effect": {"executed_lines": [883, 895, 897, 907], "summary": {"covered_lines": 4, "num_statements": 6, "percent_covered": 66.66666666666667, "percent_covered_display": "67", "missing_lines": 2, "excluded_lines": 0}, "missing_lines": [885, 898], "excluded_lines": []}, "StatisticalAgent._calculate_binary_effect": {"executed_lines": [918, 920, 928], "summary": {"covered_lines": 3, "num_statements": 4, "percent_covered": 75.0, "percent_covered_display": "75", "missing_lines": 1, "excluded_lines": 0}, "missing_lines": [921], "excluded_lines": []}, "StatisticalAgent._calculate_correlation_effect": {"executed_lines": [], "summary": {"covered_lines": 0, "num_statements": 1, "percent_covered": 0.0, "percent_covered_display": "0", "missing_lines": 1, "excluded_lines": 0}, "missing_lines": [937], "excluded_lines": []}, "StatisticalAgent._generate_forest_plot_data": {"executed_lines": [947, 948, 949, 960, 967], "summary": {"covered_lines": 5, "num_statements": 5, "percent_covered": 100.0, "percent_covered_display": "100", "missing_lines": 0, "excluded_lines": 0}, "missing_lines": [], "excluded_lines": []}, "StatisticalAgent._interpret_results": {"executed_lines": [984, 1013], "summary": {"covered_lines": 2, "num_statements": 3, "percent_covered": 66.66666666666667, "percent_covered_display": "67", "missing_lines": 1, "excluded_lines": 0}, "missing_lines": [1014], "excluded_lines": []}, "": {"executed_lines": [1, 10, 11, 12, 13, 14, 16, 18, 19, 21, 24, 25, 32, 33, 91, 92, 140, 141, 204, 205, 261, 262, 311, 312, 317, 318, 369, 370, 445, 446, 490, 491, 542, 543, 608, 609, 611, 612, 678, 679, 722, 723, 736, 744, 771, 880, 916, 935, 942, 979], "summary": {"covered_lines": 45, "num_statements": 45, "percent_covered": 100.0, "percent_covered_display": "100", "missing_lines": 0, "excluded_lines": 0}, "missing_lines": [], "excluded_lines": []}}, "classes": {"EffectSizeCalculator": {"executed_lines": [61, 67, 71, 76, 79, 80, 82, 114, 120, 123, 124, 127, 128, 130, 165, 167, 168, 169, 170, 171, 173, 174, 175, 176, 179, 180, 183, 186, 187, 190, 191, 193, 222, 229, 230, 231, 232, 235, 236, 237, 238, 241, 244, 245, 247, 248, 250, 277, 278, 280, 281, 284, 287, 290, 291, 294, 295, 297], "summary": {"covered_lines": 58, "num_statements": 63, "percent_covered": 92.06349206349206, "percent_covered_display": "92", "missing_lines": 5, "excluded_lines": 0}, "missing_lines": [223, 224, 225, 226, 227], "excluded_lines": []}, "MetaAnalysisCalculator": {"executed_lines": [339, 340, 343, 346, 347, 350, 351, 354, 355, 357, 394, 396, 397, 407, 408, 409, 412, 415, 418, 422, 423, 425, 428, 429, 430, 432, 435, 437, 463, 465, 469, 470, 471, 474, 475, 478, 479, 481, 483, 484, 488, 508, 510, 513, 515, 518, 519, 522, 525, 526, 529, 531, 534, 540, 566, 571, 576, 577, 580, 583, 584, 587, 588, 591, 592, 594], "summary": {"covered_lines": 66, "num_statements": 72, "percent_covered": 91.66666666666667, "percent_covered_display": "92", "missing_lines": 6, "excluded_lines": 0}, "missing_lines": [431, 433, 466, 486, 511, 567], "excluded_lines": []}, "PublicationBiasAssessment": {"executed_lines": [630, 631, 640, 641, 645, 651, 652, 655, 656, 658, 659, 662, 663, 664, 667, 669, 696, 700, 701, 702, 704], "summary": {"covered_lines": 21, "num_statements": 22, "percent_covered": 95.45454545454545, "percent_covered_display": "95", "missing_lines": 1, "excluded_lines": 0}, "missing_lines": [665], "excluded_lines": []}, "StatisticalAgent": {"executed_lines": [737, 738, 740, 741, 742, 746, 785, 786, 787, 788, 790, 791, 793, 796, 798, 799, 800, 801, 802, 803, 809, 810, 811, 818, 819, 822, 827, 828, 830, 834, 835, 838, 839, 844, 849, 883, 895, 897, 907, 918, 920, 928, 947, 948, 949, 960, 967, 984, 1013], "summary": {"covered_lines": 49, "num_statements": 62, "percent_covered": 79.03225806451613, "percent_covered_display": "79", "missing_lines": 13, "excluded_lines": 0}, "missing_lines": [804, 805, 807, 813, 814, 815, 854, 864, 885, 898, 921, 937, 1014], "excluded_lines": []}, "": {"executed_lines": [1, 10, 11, 12, 13, 14, 16, 18, 19, 21, 24, 25, 32, 33, 91, 92, 140, 141, 204, 205, 261, 262, 311, 312, 317, 318, 369, 370, 445, 446, 490, 491, 542, 543, 608, 609, 611, 612, 678, 679, 722, 723, 736, 744, 771, 880, 916, 935, 942, 979], "summary": {"covered_lines": 45, "num_statements": 45, "percent_covered": 100.0, "percent_covered_display": "100", "missing_lines": 0, "excluded_lines": 0}, "missing_lines": [], "excluded_lines": []}}}, "app/api/__init__.py": {"executed_lines": [0], "summary": {"covered_lines": 0, "num_statements": 0, "percent_covered": 100.0, "percent_covered_display": "100", "missing_lines": 0, "excluded_lines": 0}, "missing_lines": [], "excluded_lines": [], "functions": {"": {"executed_lines": [], "summary": {"covered_lines": 0, "num_statements": 0, "percent_covered": 100.0, "percent_covered_display": "100", "missing_lines": 0, "excluded_lines": 0}, "missing_lines": [], "excluded_lines": []}}, "classes": {"": {"executed_lines": [], "summary": {"covered_lines": 0, "num_statements": 0, "percent_covered": 100.0, "percent_covered_display": "100", "missing_lines": 0, "excluded_lines": 0}, "missing_lines": [], "excluded_lines": []}}}, "app/api/v1/__init__.py": {"executed_lines": [0], "summary": {"covered_lines": 0, "num_statements": 0, "percent_covered": 100.0, "percent_covered_display": "100", "missing_lines": 0, "excluded_lines": 0}, "missing_lines": [], "excluded_lines": [], "functions": {"": {"executed_lines": [], "summary": {"covered_lines": 0, "num_statements": 0, "percent_covered": 100.0, "percent_covered_display": "100", "missing_lines": 0, "excluded_lines": 0}, "missing_lines": [], "excluded_lines": []}}, "classes": {"": {"executed_lines": [], "summary": {"covered_lines": 0, "num_statements": 0, "percent_covered": 100.0, "percent_covered_display": "100", "missing_lines": 0, "excluded_lines": 0}, "missing_lines": [], "excluded_lines": []}}}, "app/api/v1/agents.py": {"executed_lines": [1, 2, 3, 5, 7, 10, 11, 18, 19, 24, 126, 127], "summary": {"covered_lines": 11, "num_statements": 15, "percent_covered": 73.33333333333333, "percent_covered_display": "73", "missing_lines": 4, "excluded_lines": 0}, "missing_lines": [13, 21, 30, 130], "excluded_lines": [], "functions": {"list_available_agents": {"executed_lines": [], "summary": {"covered_lines": 0, "num_statements": 1, "percent_covered": 0.0, "percent_covered_display": "0", "missing_lines": 1, "excluded_lines": 0}, "missing_lines": [13], "excluded_lines": []}, "list_agents_alias": {"executed_lines": [], "summary": {"covered_lines": 0, "num_statements": 1, "percent_covered": 0.0, "percent_covered_display": "0", "missing_lines": 1, "excluded_lines": 0}, "missing_lines": [21], "excluded_lines": []}, "_get_agents_list": {"executed_lines": [], "summary": {"covered_lines": 0, "num_statements": 1, "percent_covered": 0.0, "percent_covered_display": "0", "missing_lines": 1, "excluded_lines": 0}, "missing_lines": [30], "excluded_lines": []}, "get_agent_profile": {"executed_lines": [], "summary": {"covered_lines": 0, "num_statements": 1, "percent_covered": 0.0, "percent_covered_display": "0", "missing_lines": 1, "excluded_lines": 0}, "missing_lines": [130], "excluded_lines": []}, "": {"executed_lines": [1, 2, 3, 5, 7, 10, 11, 18, 19, 24, 126, 127], "summary": {"covered_lines": 11, "num_statements": 11, "percent_covered": 100.0, "percent_covered_display": "100", "missing_lines": 0, "excluded_lines": 0}, "missing_lines": [], "excluded_lines": []}}, "classes": {"": {"executed_lines": [1, 2, 3, 5, 7, 10, 11, 18, 19, 24, 126, 127], "summary": {"covered_lines": 11, "num_statements": 15, "percent_covered": 73.33333333333333, "percent_covered_display": "73", "missing_lines": 4, "excluded_lines": 0}, "missing_lines": [13, 21, 30, 130], "excluded_lines": []}}}, "app/api/v1/auth.py": {"executed_lines": [1, 3, 4, 6, 7, 8, 9, 10, 12, 13, 14, 27, 30, 31, 87, 88, 135, 136, 187, 188, 219, 220, 274, 275, 304, 305, 334, 335], "summary": {"covered_lines": 27, "num_statements": 92, "percent_covered": 29.347826086956523, "percent_covered_display": "29", "missing_lines": 65, "excluded_lines": 0}, "missing_lines": [46, 47, 49, 50, 56, 58, 68, 69, 70, 72, 74, 101, 102, 105, 106, 113, 114, 120, 121, 124, 130, 132, 147, 148, 149, 150, 157, 158, 165, 166, 168, 169, 176, 182, 184, 197, 198, 200, 201, 206, 235, 236, 237, 240, 241, 242, 245, 255, 256, 257, 259, 261, 284, 287, 289, 315, 318, 320, 321, 326, 327, 329, 331, 349, 350], "excluded_lines": [], "functions": {"register": {"executed_lines": [], "summary": {"covered_lines": 0, "num_statements": 11, "percent_covered": 0.0, "percent_covered_display": "0", "missing_lines": 11, "excluded_lines": 0}, "missing_lines": [46, 47, 49, 50, 56, 58, 68, 69, 70, 72, 74], "excluded_lines": []}, "login": {"executed_lines": [], "summary": {"covered_lines": 0, "num_statements": 11, "percent_covered": 0.0, "percent_covered_display": "0", "missing_lines": 11, "excluded_lines": 0}, "missing_lines": [101, 102, 105, 106, 113, 114, 120, 121, 124, 130, 132], "excluded_lines": []}, "refresh_token": {"executed_lines": [], "summary": {"covered_lines": 0, "num_statements": 13, "percent_covered": 0.0, "percent_covered_display": "0", "missing_lines": 13, "excluded_lines": 0}, "missing_lines": [147, 148, 149, 150, 157, 158, 165, 166, 168, 169, 176, 182, 184], "excluded_lines": []}, "get_current_user": {"executed_lines": [], "summary": {"covered_lines": 0, "num_statements": 5, "percent_covered": 0.0, "percent_covered_display": "0", "missing_lines": 5, "excluded_lines": 0}, "missing_lines": [197, 198, 200, 201, 206], "excluded_lines": []}, "create_api_key": {"executed_lines": [], "summary": {"covered_lines": 0, "num_statements": 12, "percent_covered": 0.0, "percent_covered_display": "0", "missing_lines": 12, "excluded_lines": 0}, "missing_lines": [235, 236, 237, 240, 241, 242, 245, 255, 256, 257, 259, 261], "excluded_lines": []}, "list_api_keys": {"executed_lines": [], "summary": {"covered_lines": 0, "num_statements": 3, "percent_covered": 0.0, "percent_covered_display": "0", "missing_lines": 3, "excluded_lines": 0}, "missing_lines": [284, 287, 289], "excluded_lines": []}, "delete_api_key": {"executed_lines": [], "summary": {"covered_lines": 0, "num_statements": 8, "percent_covered": 0.0, "percent_covered_display": "0", "missing_lines": 8, "excluded_lines": 0}, "missing_lines": [315, 318, 320, 321, 326, 327, 329, 331], "excluded_lines": []}, "logout": {"executed_lines": [], "summary": {"covered_lines": 0, "num_statements": 2, "percent_covered": 0.0, "percent_covered_display": "0", "missing_lines": 2, "excluded_lines": 0}, "missing_lines": [349, 350], "excluded_lines": []}, "": {"executed_lines": [1, 3, 4, 6, 7, 8, 9, 10, 12, 13, 14, 27, 30, 31, 87, 88, 135, 136, 187, 188, 219, 220, 274, 275, 304, 305, 334, 335], "summary": {"covered_lines": 27, "num_statements": 27, "percent_covered": 100.0, "percent_covered_display": "100", "missing_lines": 0, "excluded_lines": 0}, "missing_lines": [], "excluded_lines": []}}, "classes": {"": {"executed_lines": [1, 3, 4, 6, 7, 8, 9, 10, 12, 13, 14, 27, 30, 31, 87, 88, 135, 136, 187, 188, 219, 220, 274, 275, 304, 305, 334, 335], "summary": {"covered_lines": 27, "num_statements": 92, "percent_covered": 29.347826086956523, "percent_covered_display": "29", "missing_lines": 65, "excluded_lines": 0}, "missing_lines": [46, 47, 49, 50, 56, 58, 68, 69, 70, 72, 74, 101, 102, 105, 106, 113, 114, 120, 121, 124, 130, 132, 147, 148, 149, 150, 157, 158, 165, 166, 168, 169, 176, 182, 184, 197, 198, 200, 201, 206, 235, 236, 237, 240, 241, 242, 245, 255, 256, 257, 259, 261, 284, 287, 289, 315, 318, 320, 321, 326, 327, 329, 331, 349, 350], "excluded_lines": []}}}, "app/api/v1/health.py": {"executed_lines": [1, 3, 4, 6, 7, 8, 9, 10, 12, 13, 14, 16, 17, 20, 21, 35, 36, 116, 117, 126, 127, 152, 153, 215, 216], "summary": {"covered_lines": 24, "num_statements": 85, "percent_covered": 28.235294117647058, "percent_covered_display": "28", "missing_lines": 61, "excluded_lines": 0}, "missing_lines": [27, 47, 56, 57, 58, 59, 63, 64, 65, 69, 72, 73, 74, 75, 76, 80, 81, 82, 86, 89, 90, 92, 93, 95, 96, 97, 103, 107, 108, 113, 123, 135, 137, 139, 143, 144, 145, 166, 174, 175, 177, 178, 185, 186, 189, 190, 191, 192, 194, 200, 201, 204, 205, 207, 208, 209, 210, 212, 225, 226, 228], "excluded_lines": [], "functions": {"health_check": {"executed_lines": [], "summary": {"covered_lines": 0, "num_statements": 1, "percent_covered": 0.0, "percent_covered_display": "0", "missing_lines": 1, "excluded_lines": 0}, "missing_lines": [27], "excluded_lines": []}, "detailed_health_check": {"executed_lines": [], "summary": {"covered_lines": 0, "num_statements": 29, "percent_covered": 0.0, "percent_covered_display": "0", "missing_lines": 29, "excluded_lines": 0}, "missing_lines": [47, 56, 57, 58, 59, 63, 64, 65, 69, 72, 73, 74, 75, 76, 80, 81, 82, 86, 89, 90, 92, 93, 95, 96, 97, 103, 107, 108, 113], "excluded_lines": []}, "liveness_probe": {"executed_lines": [], "summary": {"covered_lines": 0, "num_statements": 1, "percent_covered": 0.0, "percent_covered_display": "0", "missing_lines": 1, "excluded_lines": 0}, "missing_lines": [123], "excluded_lines": []}, "readiness_probe": {"executed_lines": [], "summary": {"covered_lines": 0, "num_statements": 6, "percent_covered": 0.0, "percent_covered_display": "0", "missing_lines": 6, "excluded_lines": 0}, "missing_lines": [135, 137, 139, 143, 144, 145], "excluded_lines": []}, "metrics": {"executed_lines": [], "summary": {"covered_lines": 0, "num_statements": 21, "percent_covered": 0.0, "percent_covered_display": "0", "missing_lines": 21, "excluded_lines": 0}, "missing_lines": [166, 174, 175, 177, 178, 185, 186, 189, 190, 191, 192, 194, 200, 201, 204, 205, 207, 208, 209, 210, 212], "excluded_lines": []}, "version_info": {"executed_lines": [], "summary": {"covered_lines": 0, "num_statements": 3, "percent_covered": 0.0, "percent_covered_display": "0", "missing_lines": 3, "excluded_lines": 0}, "missing_lines": [225, 226, 228], "excluded_lines": []}, "": {"executed_lines": [1, 3, 4, 6, 7, 8, 9, 10, 12, 13, 14, 16, 17, 20, 21, 35, 36, 116, 117, 126, 127, 152, 153, 215, 216], "summary": {"covered_lines": 24, "num_statements": 24, "percent_covered": 100.0, "percent_covered_display": "100", "missing_lines": 0, "excluded_lines": 0}, "missing_lines": [], "excluded_lines": []}}, "classes": {"": {"executed_lines": [1, 3, 4, 6, 7, 8, 9, 10, 12, 13, 14, 16, 17, 20, 21, 35, 36, 116, 117, 126, 127, 152, 153, 215, 216], "summary": {"covered_lines": 24, "num_statements": 85, "percent_covered": 28.235294117647058, "percent_covered_display": "28", "missing_lines": 61, "excluded_lines": 0}, "missing_lines": [27, 47, 56, 57, 58, 59, 63, 64, 65, 69, 72, 73, 74, 75, 76, 80, 81, 82, 86, 89, 90, 92, 93, 95, 96, 97, 103, 107, 108, 113, 123, 135, 137, 139, 143, 144, 145, 166, 174, 175, 177, 178, 185, 186, 189, 190, 191, 192, 194, 200, 201, 204, 205, 207, 208, 209, 210, 212, 225, 226, 228], "excluded_lines": []}}}, "app/api/v1/meta_analysis.py": {"executed_lines": [1, 2, 3, 5, 6, 7, 9, 10, 12, 15, 18, 19, 21, 22, 23, 24, 25, 26, 27, 30, 31, 33, 34, 35, 36, 39, 40, 42, 43, 46, 47, 82, 83, 181, 182, 196, 197, 208, 209, 248, 249], "summary": {"covered_lines": 37, "num_statements": 95, "percent_covered": 38.94736842105263, "percent_covered_display": "39", "missing_lines": 58, "excluded_lines": 0}, "missing_lines": [55, 56, 59, 64, 65, 68, 70, 77, 78, 79, 91, 92, 95, 96, 97, 100, 101, 102, 105, 106, 109, 114, 117, 118, 119, 122, 137, 140, 141, 142, 145, 149, 151, 176, 177, 178, 185, 186, 187, 189, 199, 200, 201, 203, 204, 205, 215, 216, 219, 220, 223, 226, 229, 235, 243, 244, 245, 252], "excluded_lines": [], "functions": {"create_meta_analysis": {"executed_lines": [], "summary": {"covered_lines": 0, "num_statements": 10, "percent_covered": 0.0, "percent_covered_display": "0", "missing_lines": 10, "excluded_lines": 0}, "missing_lines": [55, 56, 59, 64, 65, 68, 70, 77, 78, 79], "excluded_lines": []}, "execute_meta_analysis": {"executed_lines": [], "summary": {"covered_lines": 0, "num_statements": 26, "percent_covered": 0.0, "percent_covered_display": "0", "missing_lines": 26, "excluded_lines": 0}, "missing_lines": [91, 92, 95, 96, 97, 100, 101, 102, 105, 106, 109, 114, 117, 118, 119, 122, 137, 140, 141, 142, 145, 149, 151, 176, 177, 178], "excluded_lines": []}, "get_status": {"executed_lines": [], "summary": {"covered_lines": 0, "num_statements": 4, "percent_covered": 0.0, "percent_covered_display": "0", "missing_lines": 4, "excluded_lines": 0}, "missing_lines": [185, 186, 187, 189], "excluded_lines": []}, "get_audit_trail": {"executed_lines": [], "summary": {"covered_lines": 0, "num_statements": 6, "percent_covered": 0.0, "percent_covered_display": "0", "missing_lines": 6, "excluded_lines": 0}, "missing_lines": [199, 200, 201, 203, 204, 205], "excluded_lines": []}, "ask_question": {"executed_lines": [], "summary": {"covered_lines": 0, "num_statements": 11, "percent_covered": 0.0, "percent_covered_display": "0", "missing_lines": 11, "excluded_lines": 0}, "missing_lines": [215, 216, 219, 220, 223, 226, 229, 235, 243, 244, 245], "excluded_lines": []}, "get_report": {"executed_lines": [], "summary": {"covered_lines": 0, "num_statements": 1, "percent_covered": 0.0, "percent_covered_display": "0", "missing_lines": 1, "excluded_lines": 0}, "missing_lines": [252], "excluded_lines": []}, "": {"executed_lines": [1, 2, 3, 5, 6, 7, 9, 10, 12, 15, 18, 19, 21, 22, 23, 24, 25, 26, 27, 30, 31, 33, 34, 35, 36, 39, 40, 42, 43, 46, 47, 82, 83, 181, 182, 196, 197, 208, 209, 248, 249], "summary": {"covered_lines": 37, "num_statements": 37, "percent_covered": 100.0, "percent_covered_display": "100", "missing_lines": 0, "excluded_lines": 0}, "missing_lines": [], "excluded_lines": []}}, "classes": {"MetaAnalysisRequest": {"executed_lines": [], "summary": {"covered_lines": 0, "num_statements": 0, "percent_covered": 100.0, "percent_covered_display": "100", "missing_lines": 0, "excluded_lines": 0}, "missing_lines": [], "excluded_lines": []}, "MetaAnalysisResponse": {"executed_lines": [], "summary": {"covered_lines": 0, "num_statements": 0, "percent_covered": 100.0, "percent_covered_display": "100", "missing_lines": 0, "excluded_lines": 0}, "missing_lines": [], "excluded_lines": []}, "QuestionRequest": {"executed_lines": [], "summary": {"covered_lines": 0, "num_statements": 0, "percent_covered": 100.0, "percent_covered_display": "100", "missing_lines": 0, "excluded_lines": 0}, "missing_lines": [], "excluded_lines": []}, "": {"executed_lines": [1, 2, 3, 5, 6, 7, 9, 10, 12, 15, 18, 19, 21, 22, 23, 24, 25, 26, 27, 30, 31, 33, 34, 35, 36, 39, 40, 42, 43, 46, 47, 82, 83, 181, 182, 196, 197, 208, 209, 248, 249], "summary": {"covered_lines": 37, "num_statements": 95, "percent_covered": 38.94736842105263, "percent_covered_display": "39", "missing_lines": 58, "excluded_lines": 0}, "missing_lines": [55, 56, 59, 64, 65, 68, 70, 77, 78, 79, 91, 92, 95, 96, 97, 100, 101, 102, 105, 106, 109, 114, 117, 118, 119, 122, 137, 140, 141, 142, 145, 149, 151, 176, 177, 178, 185, 186, 187, 189, 199, 200, 201, 203, 204, 205, 215, 216, 219, 220, 223, 226, 229, 235, 243, 244, 245, 252], "excluded_lines": []}}}, "app/api/v1/metrics.py": {"executed_lines": [], "summary": {"covered_lines": 0, "num_statements": 39, "percent_covered": 0.0, "percent_covered_display": "0", "missing_lines": 39, "excluded_lines": 0}, "missing_lines": [2, 3, 5, 7, 10, 17, 23, 24, 25, 29, 30, 31, 38, 44, 50, 51, 52, 54, 55, 61, 62, 63, 64, 65, 66, 67, 68, 69, 72, 73, 74, 75, 76, 77, 78, 79, 80, 83, 85], "excluded_lines": [], "functions": {"get_metrics": {"executed_lines": [], "summary": {"covered_lines": 0, "num_statements": 6, "percent_covered": 0.0, "percent_covered_display": "0", "missing_lines": 6, "excluded_lines": 0}, "missing_lines": [23, 24, 25, 29, 30, 31], "excluded_lines": []}, "detailed_health_check": {"executed_lines": [], "summary": {"covered_lines": 0, "num_statements": 25, "percent_covered": 0.0, "percent_covered_display": "0", "missing_lines": 25, "excluded_lines": 0}, "missing_lines": [50, 51, 52, 54, 55, 61, 62, 63, 64, 65, 66, 67, 68, 69, 72, 73, 74, 75, 76, 77, 78, 79, 80, 83, 85], "excluded_lines": []}, "": {"executed_lines": [], "summary": {"covered_lines": 0, "num_statements": 8, "percent_covered": 0.0, "percent_covered_display": "0", "missing_lines": 8, "excluded_lines": 0}, "missing_lines": [2, 3, 5, 7, 10, 17, 38, 44], "excluded_lines": []}}, "classes": {"": {"executed_lines": [], "summary": {"covered_lines": 0, "num_statements": 39, "percent_covered": 0.0, "percent_covered_display": "0", "missing_lines": 39, "excluded_lines": 0}, "missing_lines": [2, 3, 5, 7, 10, 17, 23, 24, 25, 29, 30, 31, 38, 44, 50, 51, 52, 54, 55, 61, 62, 63, 64, 65, 66, 67, 68, 69, 72, 73, 74, 75, 76, 77, 78, 79, 80, 83, 85], "excluded_lines": []}}}, "app/api/v1/studies.py": {"executed_lines": [1, 2, 4, 5, 6, 8, 11, 12, 14, 15, 16, 19, 20, 47, 48, 58, 59], "summary": {"covered_lines": 15, "num_statements": 23, "percent_covered": 65.21739130434783, "percent_covered_display": "65", "missing_lines": 8, "excluded_lines": 0}, "missing_lines": [22, 23, 26, 42, 43, 44, 50, 62], "excluded_lines": [], "functions": {"search_studies": {"executed_lines": [], "summary": {"covered_lines": 0, "num_statements": 6, "percent_covered": 0.0, "percent_covered_display": "0", "missing_lines": 6, "excluded_lines": 0}, "missing_lines": [22, 23, 26, 42, 43, 44], "excluded_lines": []}, "get_study": {"executed_lines": [], "summary": {"covered_lines": 0, "num_statements": 1, "percent_covered": 0.0, "percent_covered_display": "0", "missing_lines": 1, "excluded_lines": 0}, "missing_lines": [50], "excluded_lines": []}, "screen_studies": {"executed_lines": [], "summary": {"covered_lines": 0, "num_statements": 1, "percent_covered": 0.0, "percent_covered_display": "0", "missing_lines": 1, "excluded_lines": 0}, "missing_lines": [62], "excluded_lines": []}, "": {"executed_lines": [1, 2, 4, 5, 6, 8, 11, 12, 14, 15, 16, 19, 20, 47, 48, 58, 59], "summary": {"covered_lines": 15, "num_statements": 15, "percent_covered": 100.0, "percent_covered_display": "100", "missing_lines": 0, "excluded_lines": 0}, "missing_lines": [], "excluded_lines": []}}, "classes": {"SearchRequest": {"executed_lines": [], "summary": {"covered_lines": 0, "num_statements": 0, "percent_covered": 100.0, "percent_covered_display": "100", "missing_lines": 0, "excluded_lines": 0}, "missing_lines": [], "excluded_lines": []}, "": {"executed_lines": [1, 2, 4, 5, 6, 8, 11, 12, 14, 15, 16, 19, 20, 47, 48, 58, 59], "summary": {"covered_lines": 15, "num_statements": 23, "percent_covered": 65.21739130434783, "percent_covered_display": "65", "missing_lines": 8, "excluded_lines": 0}, "missing_lines": [22, 23, 26, 42, 43, 44, 50, 62], "excluded_lines": []}}}, "app/core/__init__.py": {"executed_lines": [0], "summary": {"covered_lines": 0, "num_statements": 0, "percent_covered": 100.0, "percent_covered_display": "100", "missing_lines": 0, "excluded_lines": 0}, "missing_lines": [], "excluded_lines": [], "functions": {"": {"executed_lines": [], "summary": {"covered_lines": 0, "num_statements": 0, "percent_covered": 100.0, "percent_covered_display": "100", "missing_lines": 0, "excluded_lines": 0}, "missing_lines": [], "excluded_lines": []}}, "classes": {"": {"executed_lines": [], "summary": {"covered_lines": 0, "num_statements": 0, "percent_covered": 100.0, "percent_covered_display": "100", "missing_lines": 0, "excluded_lines": 0}, "missing_lines": [], "excluded_lines": []}}}, "app/core/config.py": {"executed_lines": [1, 2, 3, 4, 6, 9, 10, 12, 20, 21, 24, 25, 28, 31, 32, 35, 36, 40, 41, 44, 45, 46, 49, 50, 51, 54, 55, 56, 59, 62, 63, 65], "summary": {"covered_lines": 30, "num_statements": 30, "percent_covered": 100.0, "percent_covered_display": "100", "missing_lines": 0, "excluded_lines": 0}, "missing_lines": [], "excluded_lines": [], "functions": {"get_settings": {"executed_lines": [65], "summary": {"covered_lines": 1, "num_statements": 1, "percent_covered": 100.0, "percent_covered_display": "100", "missing_lines": 0, "excluded_lines": 0}, "missing_lines": [], "excluded_lines": []}, "": {"executed_lines": [1, 2, 3, 4, 6, 9, 10, 12, 20, 21, 24, 25, 28, 31, 32, 35, 36, 40, 41, 44, 45, 46, 49, 50, 51, 54, 55, 56, 59, 62, 63], "summary": {"covered_lines": 29, "num_statements": 29, "percent_covered": 100.0, "percent_covered_display": "100", "missing_lines": 0, "excluded_lines": 0}, "missing_lines": [], "excluded_lines": []}}, "classes": {"Settings": {"executed_lines": [], "summary": {"covered_lines": 0, "num_statements": 0, "percent_covered": 100.0, "percent_covered_display": "100", "missing_lines": 0, "excluded_lines": 0}, "missing_lines": [], "excluded_lines": []}, "": {"executed_lines": [1, 2, 3, 4, 6, 9, 10, 12, 20, 21, 24, 25, 28, 31, 32, 35, 36, 40, 41, 44, 45, 46, 49, 50, 51, 54, 55, 56, 59, 62, 63, 65], "summary": {"covered_lines": 30, "num_statements": 30, "percent_covered": 100.0, "percent_covered_display": "100", "missing_lines": 0, "excluded_lines": 0}, "missing_lines": [], "excluded_lines": []}}}, "app/core/logging_config.py": {"executed_lines": [1, 6, 7, 9, 12, 18, 21, 24, 38, 52, 53, 56], "summary": {"covered_lines": 11, "num_statements": 12, "percent_covered": 91.66666666666667, "percent_covered_display": "92", "missing_lines": 1, "excluded_lines": 0}, "missing_lines": [65], "excluded_lines": [], "functions": {"configure_logging": {"executed_lines": [18, 21, 24, 38, 52, 53], "summary": {"covered_lines": 6, "num_statements": 6, "percent_covered": 100.0, "percent_covered_display": "100", "missing_lines": 0, "excluded_lines": 0}, "missing_lines": [], "excluded_lines": []}, "get_logger": {"executed_lines": [], "summary": {"covered_lines": 0, "num_statements": 1, "percent_covered": 0.0, "percent_covered_display": "0", "missing_lines": 1, "excluded_lines": 0}, "missing_lines": [65], "excluded_lines": []}, "": {"executed_lines": [1, 6, 7, 9, 12, 56], "summary": {"covered_lines": 5, "num_statements": 5, "percent_covered": 100.0, "percent_covered_display": "100", "missing_lines": 0, "excluded_lines": 0}, "missing_lines": [], "excluded_lines": []}}, "classes": {"": {"executed_lines": [1, 6, 7, 9, 12, 18, 21, 24, 38, 52, 53, 56], "summary": {"covered_lines": 11, "num_statements": 12, "percent_covered": 91.66666666666667, "percent_covered_display": "92", "missing_lines": 1, "excluded_lines": 0}, "missing_lines": [65], "excluded_lines": []}}}, "app/core/middleware.py": {"executed_lines": [1, 11, 12, 13, 14, 16, 17, 18, 19, 20, 21, 23, 25, 29, 30, 41, 73, 74, 80, 82, 83, 85, 98, 104, 122, 124, 125, 177, 180, 181, 190, 197, 198, 199, 200, 202, 206, 207, 208, 209, 218, 223, 224, 225, 228, 234, 244, 245, 246, 247, 249, 252, 253, 259, 262, 265, 268, 269, 272, 274, 277, 278, 284, 285, 286, 288, 290, 292, 294, 297, 300, 306, 309, 310, 316, 318, 319, 320, 346, 347, 360, 378], "summary": {"covered_lines": 74, "num_statements": 134, "percent_covered": 55.223880597014926, "percent_covered_display": "55", "missing_lines": 60, "excluded_lines": 0}, "missing_lines": [50, 56, 57, 59, 60, 63, 65, 87, 88, 93, 94, 95, 96, 100, 101, 102, 131, 132, 134, 136, 139, 142, 145, 148, 150, 152, 154, 155, 157, 159, 166, 167, 169, 210, 212, 213, 214, 215, 216, 219, 220, 235, 301, 322, 324, 331, 333, 336, 366, 367, 368, 369, 370, 371, 373, 374, 375, 376, 389, 391], "excluded_lines": [], "functions": {"ProblemDetail.__init__": {"executed_lines": [], "summary": {"covered_lines": 0, "num_statements": 7, "percent_covered": 0.0, "percent_covered_display": "0", "missing_lines": 7, "excluded_lines": 0}, "missing_lines": [50, 56, 57, 59, 60, 63, 65], "excluded_lines": []}, "RateLimiter.__init__": {"executed_lines": [82, 83], "summary": {"covered_lines": 2, "num_statements": 2, "percent_covered": 100.0, "percent_covered_display": "100", "missing_lines": 0, "excluded_lines": 0}, "missing_lines": [], "excluded_lines": []}, "RateLimiter.init": {"executed_lines": [], "summary": {"covered_lines": 0, "num_statements": 6, "percent_covered": 0.0, "percent_covered_display": "0", "missing_lines": 6, "excluded_lines": 0}, "missing_lines": [87, 88, 93, 94, 95, 96], "excluded_lines": []}, "RateLimiter.close": {"executed_lines": [], "summary": {"covered_lines": 0, "num_statements": 3, "percent_covered": 0.0, "percent_covered_display": "0", "missing_lines": 3, "excluded_lines": 0}, "missing_lines": [100, 101, 102], "excluded_lines": []}, "RateLimiter.is_allowed": {"executed_lines": [122, 124, 125], "summary": {"covered_lines": 3, "num_statements": 20, "percent_covered": 15.0, "percent_covered_display": "15", "missing_lines": 17, "excluded_lines": 0}, "missing_lines": [131, 132, 134, 136, 139, 142, 145, 148, 150, 152, 154, 155, 157, 159, 166, 167, 169], "excluded_lines": []}, "RateLimitMiddleware.__init__": {"executed_lines": [197, 198, 199, 200], "summary": {"covered_lines": 4, "num_statements": 4, "percent_covered": 100.0, "percent_covered_display": "100", "missing_lines": 0, "excluded_lines": 0}, "missing_lines": [], "excluded_lines": []}, "RateLimitMiddleware.dispatch": {"executed_lines": [206, 207, 208, 209, 218, 223, 224, 225, 228, 234, 244, 245, 246, 247, 249], "summary": {"covered_lines": 15, "num_statements": 24, "percent_covered": 62.5, "percent_covered_display": "62", "missing_lines": 9, "excluded_lines": 0}, "missing_lines": [210, 212, 213, 214, 215, 216, 219, 220, 235], "excluded_lines": []}, "RequestIDMiddleware.dispatch": {"executed_lines": [262, 265, 268, 269, 272, 274], "summary": {"covered_lines": 6, "num_statements": 6, "percent_covered": 100.0, "percent_covered_display": "100", "missing_lines": 0, "excluded_lines": 0}, "missing_lines": [], "excluded_lines": []}, "PerformanceMiddleware.__init__": {"executed_lines": [285, 286], "summary": {"covered_lines": 2, "num_statements": 2, "percent_covered": 100.0, "percent_covered_display": "100", "missing_lines": 0, "excluded_lines": 0}, "missing_lines": [], "excluded_lines": []}, "PerformanceMiddleware.dispatch": {"executed_lines": [290, 292, 294, 297, 300, 306], "summary": {"covered_lines": 6, "num_statements": 7, "percent_covered": 85.71428571428571, "percent_covered_display": "86", "missing_lines": 1, "excluded_lines": 0}, "missing_lines": [301], "excluded_lines": []}, "ErrorHandlingMiddleware.dispatch": {"executed_lines": [318, 319, 320], "summary": {"covered_lines": 3, "num_statements": 8, "percent_covered": 37.5, "percent_covered_display": "38", "missing_lines": 5, "excluded_lines": 0}, "missing_lines": [322, 324, 331, 333, 336], "excluded_lines": []}, "PaginationParams.__init__": {"executed_lines": [], "summary": {"covered_lines": 0, "num_statements": 10, "percent_covered": 0.0, "percent_covered_display": "0", "missing_lines": 10, "excluded_lines": 0}, "missing_lines": [366, 367, 368, 369, 370, 371, 373, 374, 375, 376], "excluded_lines": []}, "PaginationParams.paginate": {"executed_lines": [], "summary": {"covered_lines": 0, "num_statements": 2, "percent_covered": 0.0, "percent_covered_display": "0", "missing_lines": 2, "excluded_lines": 0}, "missing_lines": [389, 391], "excluded_lines": []}, "": {"executed_lines": [1, 11, 12, 13, 14, 16, 17, 18, 19, 20, 21, 23, 25, 29, 30, 41, 73, 74, 80, 85, 98, 104, 177, 180, 181, 190, 202, 252, 253, 259, 277, 278, 284, 288, 309, 310, 316, 346, 347, 360, 378], "summary": {"covered_lines": 33, "num_statements": 33, "percent_covered": 100.0, "percent_covered_display": "100", "missing_lines": 0, "excluded_lines": 0}, "missing_lines": [], "excluded_lines": []}}, "classes": {"ProblemDetail": {"executed_lines": [], "summary": {"covered_lines": 0, "num_statements": 7, "percent_covered": 0.0, "percent_covered_display": "0", "missing_lines": 7, "excluded_lines": 0}, "missing_lines": [50, 56, 57, 59, 60, 63, 65], "excluded_lines": []}, "RateLimiter": {"executed_lines": [82, 83, 122, 124, 125], "summary": {"covered_lines": 5, "num_statements": 31, "percent_covered": 16.129032258064516, "percent_covered_display": "16", "missing_lines": 26, "excluded_lines": 0}, "missing_lines": [87, 88, 93, 94, 95, 96, 100, 101, 102, 131, 132, 134, 136, 139, 142, 145, 148, 150, 152, 154, 155, 157, 159, 166, 167, 169], "excluded_lines": []}, "RateLimitMiddleware": {"executed_lines": [197, 198, 199, 200, 206, 207, 208, 209, 218, 223, 224, 225, 228, 234, 244, 245, 246, 247, 249], "summary": {"covered_lines": 19, "num_statements": 28, "percent_covered": 67.85714285714286, "percent_covered_display": "68", "missing_lines": 9, "excluded_lines": 0}, "missing_lines": [210, 212, 213, 214, 215, 216, 219, 220, 235], "excluded_lines": []}, "RequestIDMiddleware": {"executed_lines": [262, 265, 268, 269, 272, 274], "summary": {"covered_lines": 6, "num_statements": 6, "percent_covered": 100.0, "percent_covered_display": "100", "missing_lines": 0, "excluded_lines": 0}, "missing_lines": [], "excluded_lines": []}, "PerformanceMiddleware": {"executed_lines": [285, 286, 290, 292, 294, 297, 300, 306], "summary": {"covered_lines": 8, "num_statements": 9, "percent_covered": 88.88888888888889, "percent_covered_display": "89", "missing_lines": 1, "excluded_lines": 0}, "missing_lines": [301], "excluded_lines": []}, "ErrorHandlingMiddleware": {"executed_lines": [318, 319, 320], "summary": {"covered_lines": 3, "num_statements": 8, "percent_covered": 37.5, "percent_covered_display": "38", "missing_lines": 5, "excluded_lines": 0}, "missing_lines": [322, 324, 331, 333, 336], "excluded_lines": []}, "PaginationParams": {"executed_lines": [], "summary": {"covered_lines": 0, "num_statements": 12, "percent_covered": 0.0, "percent_covered_display": "0", "missing_lines": 12, "excluded_lines": 0}, "missing_lines": [366, 367, 368, 369, 370, 371, 373, 374, 375, 376, 389, 391], "excluded_lines": []}, "": {"executed_lines": [1, 11, 12, 13, 14, 16, 17, 18, 19, 20, 21, 23, 25, 29, 30, 41, 73, 74, 80, 85, 98, 104, 177, 180, 181, 190, 202, 252, 253, 259, 277, 278, 284, 288, 309, 310, 316, 346, 347, 360, 378], "summary": {"covered_lines": 33, "num_statements": 33, "percent_covered": 100.0, "percent_covered_display": "100", "missing_lines": 0, "excluded_lines": 0}, "missing_lines": [], "excluded_lines": []}}}, "app/core/security.py": {"executed_lines": [1, 12, 13, 14, 16, 17, 18, 19, 20, 21, 23, 25, 28, 31, 34, 37, 41, 42, 44, 45, 46, 47, 51, 52, 54, 55, 59, 60, 62, 63, 64, 65, 68, 69, 71, 72, 73, 74, 77, 78, 80, 83, 84, 86, 87, 89, 90, 103, 104, 106, 107, 111, 124, 139, 170, 201, 245, 274, 300, 315, 316, 325, 326, 328, 343, 344, 345, 346, 350, 379, 402, 428, 440, 462], "summary": {"covered_lines": 65, "num_statements": 145, "percent_covered": 44.827586206896555, "percent_covered_display": "45", "missing_lines": 80, "excluded_lines": 0}, "missing_lines": [92, 93, 94, 95, 96, 97, 98, 99, 100, 121, 135, 153, 155, 156, 158, 160, 166, 167, 184, 186, 187, 189, 191, 197, 198, 214, 215, 217, 218, 219, 220, 222, 223, 229, 236, 237, 238, 257, 263, 264, 266, 287, 290, 291, 297, 308, 309, 311, 330, 331, 335, 339, 365, 366, 372, 389, 391, 398, 399, 412, 413, 415, 416, 418, 419, 421, 423, 424, 435, 437, 450, 451, 453, 454, 455, 457, 459, 473, 474, 476], "excluded_lines": [], "functions": {"PasswordReset.password_strength": {"executed_lines": [], "summary": {"covered_lines": 0, "num_statements": 9, "percent_covered": 0.0, "percent_covered_display": "0", "missing_lines": 9, "excluded_lines": 0}, "missing_lines": [92, 93, 94, 95, 96, 97, 98, 99, 100], "excluded_lines": []}, "hash_password": {"executed_lines": [], "summary": {"covered_lines": 0, "num_statements": 1, "percent_covered": 0.0, "percent_covered_display": "0", "missing_lines": 1, "excluded_lines": 0}, "missing_lines": [121], "excluded_lines": []}, "verify_password": {"executed_lines": [], "summary": {"covered_lines": 0, "num_statements": 1, "percent_covered": 0.0, "percent_covered_display": "0", "missing_lines": 1, "excluded_lines": 0}, "missing_lines": [135], "excluded_lines": []}, "create_access_token": {"executed_lines": [], "summary": {"covered_lines": 0, "num_statements": 7, "percent_covered": 0.0, "percent_covered_display": "0", "missing_lines": 7, "excluded_lines": 0}, "missing_lines": [153, 155, 156, 158, 160, 166, 167], "excluded_lines": []}, "create_refresh_token": {"executed_lines": [], "summary": {"covered_lines"
[...]
 "excluded_lines": 0}, "missing_lines": [38, 39, 40], "excluded_lines": []}, "PrometheusMetrics.gauge_set": {"executed_lines": [], "summary": {"covered_lines": 0, "num_statements": 3, "percent_covered": 0.0, "percent_covered_display": "0", "missing_lines": 3, "excluded_lines": 0}, "missing_lines": [50, 51, 52], "excluded_lines": []}, "PrometheusMetrics.histogram_observe": {"executed_lines": [], "summary": {"covered_lines": 0, "num_statements": 3, "percent_covered": 0.0, "percent_covered_display": "0", "missing_lines": 3, "excluded_lines": 0}, "missing_lines": [62, 63, 64], "excluded_lines": []}, "PrometheusMetrics.summary_observe": {"executed_lines": [], "summary": {"covered_lines": 0, "num_statements": 9, "percent_covered": 0.0, "percent_covered_display": "0", "missing_lines": 9, "excluded_lines": 0}, "missing_lines": [74, 75, 77, 78, 80, 81, 82, 83, 84], "excluded_lines": []}, "PrometheusMetrics._format_labels": {"executed_lines": [], "summary": {"covered_lines": 0, "num_statements": 4, "percent_covered": 0.0, "percent_covered_display": "0", "missing_lines": 4, "excluded_lines": 0}, "missing_lines": [95, 96, 97, 98], "excluded_lines": []}, "PrometheusMetrics.export": {"executed_lines": [], "summary": {"covered_lines": 0, "num_statements": 25, "percent_covered": 0.0, "percent_covered_display": "0", "missing_lines": 25, "excluded_lines": 0}, "missing_lines": [106, 109, 110, 111, 114, 115, 116, 119, 120, 121, 124, 125, 126, 127, 129, 130, 131, 134, 135, 136, 137, 138, 139, 140, 142], "excluded_lines": []}, "MetricsMiddleware.dispatch": {"executed_lines": [], "summary": {"covered_lines": 0, "num_statements": 6, "percent_covered": 0.0, "percent_covered_display": "0", "missing_lines": 6, "excluded_lines": 0}, "missing_lines": [162, 165, 168, 171, 178, 185], "excluded_lines": []}, "metrics_middleware": {"executed_lines": [], "summary": {"covered_lines": 0, "num_statements": 1, "percent_covered": 0.0, "percent_covered_display": "0", "missing_lines": 1, "excluded_lines": 0}, "missing_lines": [194], "excluded_lines": []}, "track_agent_execution": {"executed_lines": [], "summary": {"covered_lines": 0, "num_statements": 2, "percent_covered": 0.0, "percent_covered_display": "0", "missing_lines": 2, "excluded_lines": 0}, "missing_lines": [206, 212], "excluded_lines": []}, "track_llm_api_call": {"executed_lines": [], "summary": {"covered_lines": 0, "num_statements": 3, "percent_covered": 0.0, "percent_covered_display": "0", "missing_lines": 3, "excluded_lines": 0}, "missing_lines": [228, 234, 241], "excluded_lines": []}, "track_database_query": {"executed_lines": [], "summary": {"covered_lines": 0, "num_statements": 2, "percent_covered": 0.0, "percent_covered_display": "0", "missing_lines": 2, "excluded_lines": 0}, "missing_lines": [256, 261], "excluded_lines": []}, "track_workflow_event": {"executed_lines": [], "summary": {"covered_lines": 0, "num_statements": 1, "percent_covered": 0.0, "percent_covered_display": "0", "missing_lines": 1, "excluded_lines": 0}, "missing_lines": [275], "excluded_lines": []}, "set_active_workflows": {"executed_lines": [], "summary": {"covered_lines": 0, "num_statements": 1, "percent_covered": 0.0, "percent_covered_display": "0", "missing_lines": 1, "excluded_lines": 0}, "missing_lines": [288], "excluded_lines": []}, "set_queue_size": {"executed_lines": [], "summary": {"covered_lines": 0, "num_statements": 1, "percent_covered": 0.0, "percent_covered_display": "0", "missing_lines": 1, "excluded_lines": 0}, "missing_lines": [298], "excluded_lines": []}, "": {"executed_lines": [], "summary": {"covered_lines": 0, "num_statements": 31, "percent_covered": 0.0, "percent_covered_display": "0", "missing_lines": 31, "excluded_lines": 0}, "missing_lines": [2, 3, 4, 5, 6, 7, 10, 11, 13, 14, 15, 16, 17, 20, 23, 30, 42, 54, 66, 86, 100, 146, 149, 152, 188, 198, 219, 249, 268, 282, 291], "excluded_lines": []}}, "classes": {"MetricValue": {"executed_lines": [], "summary": {"covered_lines": 0, "num_statements": 0, "percent_covered": 100.0, "percent_covered_display": "100", "missing_lines": 0, "excluded_lines": 0}, "missing_lines": [], "excluded_lines": []}, "PrometheusMetrics": {"executed_lines": [], "summary": {"covered_lines": 0, "num_statements": 51, "percent_covered": 0.0, "percent_covered_display": "0", "missing_lines": 51, "excluded_lines": 0}, "missing_lines": [25, 26, 27, 28, 38, 39, 40, 50, 51, 52, 62, 63, 64, 74, 75, 77, 78, 80, 81, 82, 83, 84, 95, 96, 97, 98, 106, 109, 110, 111, 114, 115, 116, 119, 120, 121, 124, 125, 126, 127, 129, 130, 131, 134, 135, 136, 137, 138, 139, 140, 142], "excluded_lines": []}, "MetricsMiddleware": {"executed_lines": [], "summary": {"covered_lines": 0, "num_statements": 6, "percent_covered": 0.0, "percent_covered_display": "0", "missing_lines": 6, "excluded_lines": 0}, "missing_lines": [162, 165, 168, 171, 178, 185], "excluded_lines": []}, "": {"executed_lines": [], "summary": {"covered_lines": 0, "num_statements": 42, "percent_covered": 0.0, "percent_covered_display": "0", "missing_lines": 42, "excluded_lines": 0}, "missing_lines": [2, 3, 4, 5, 6, 7, 10, 11, 13, 14, 15, 16, 17, 20, 23, 30, 42, 54, 66, 86, 100, 146, 149, 152, 188, 194, 198, 206, 212, 219, 228, 234, 241, 249, 256, 261, 268, 275, 282, 288, 291, 298], "excluded_lines": []}}}, "app/monitoring/sentry.py": {"executed_lines": [], "summary": {"covered_lines": 0, "num_statements": 65, "percent_covered": 0.0, "percent_covered_display": "0", "missing_lines": 65, "excluded_lines": 0}, "missing_lines": [2, 3, 4, 7, 8, 9, 10, 11, 12, 13, 14, 15, 18, 34, 35, 36, 39, 41, 42, 43, 45, 46, 67, 69, 70, 73, 87, 88, 90, 92, 93, 96, 97, 98, 101, 102, 103, 105, 106, 109, 123, 124, 126, 128, 129, 132, 133, 134, 137, 139, 140, 143, 151, 152, 154, 155, 160, 161, 164, 178, 179, 181, 182, 188, 189], "excluded_lines": [], "functions": {"init_sentry": {"executed_lines": [], "summary": {"covered_lines": 0, "num_statements": 12, "percent_covered": 0.0, "percent_covered_display": "0", "missing_lines": 12, "excluded_lines": 0}, "missing_lines": [34, 35, 36, 39, 41, 42, 43, 45, 46, 67, 69, 70], "excluded_lines": []}, "capture_exception": {"executed_lines": [], "summary": {"covered_lines": 0, "num_statements": 13, "percent_covered": 0.0, "percent_covered_display": "0", "missing_lines": 13, "excluded_lines": 0}, "missing_lines": [87, 88, 90, 92, 93, 96, 97, 98, 101, 102, 103, 105, 106], "excluded_lines": []}, "capture_message": {"executed_lines": [], "summary": {"covered_lines": 0, "num_statements": 11, "percent_covered": 0.0, "percent_covered_display": "0", "missing_lines": 11, "excluded_lines": 0}, "missing_lines": [123, 124, 126, 128, 129, 132, 133, 134, 137, 139, 140], "excluded_lines": []}, "set_user": {"executed_lines": [], "summary": {"covered_lines": 0, "num_statements": 6, "percent_covered": 0.0, "percent_covered_display": "0", "missing_lines": 6, "excluded_lines": 0}, "missing_lines": [151, 152, 154, 155, 160, 161], "excluded_lines": []}, "add_breadcrumb": {"executed_lines": [], "summary": {"covered_lines": 0, "num_statements": 6, "percent_covered": 0.0, "percent_covered_display": "0", "missing_lines": 6, "excluded_lines": 0}, "missing_lines": [178, 179, 181, 182, 188, 189], "excluded_lines": []}, "": {"executed_lines": [], "summary": {"covered_lines": 0, "num_statements": 17, "percent_covered": 0.0, "percent_covered_display": "0", "missing_lines": 17, "excluded_lines": 0}, "missing_lines": [2, 3, 4, 7, 8, 9, 10, 11, 12, 13, 14, 15, 18, 73, 109, 143, 164], "excluded_lines": []}}, "classes": {"": {"executed_lines": [], "summary": {"covered_lines": 0, "num_statements": 65, "percent_covered": 0.0, "percent_covered_display": "0", "missing_lines": 65, "excluded_lines": 0}, "missing_lines": [2, 3, 4, 7, 8, 9, 10, 11, 12, 13, 14, 15, 18, 34, 35, 36, 39, 41, 42, 43, 45, 46, 67, 69, 70, 73, 87, 88, 90, 92, 93, 96, 97, 98, 101, 102, 103, 105, 106, 109, 123, 124, 126, 128, 129, 132, 133, 134, 137, 139, 140, 143, 151, 152, 154, 155, 160, 161, 164, 178, 179, 181, 182, 188, 189], "excluded_lines": []}}}, "app/services/__init__.py": {"executed_lines": [], "summary": {"covered_lines": 0, "num_statements": 0, "percent_covered": 100.0, "percent_covered_display": "100", "missing_lines": 0, "excluded_lines": 0}, "missing_lines": [], "excluded_lines": [], "functions": {"": {"executed_lines": [], "summary": {"covered_lines": 0, "num_statements": 0, "percent_covered": 100.0, "percent_covered_display": "100", "missing_lines": 0, "excluded_lines": 0}, "missing_lines": [], "excluded_lines": []}}, "classes": {"": {"executed_lines": [], "summary": {"covered_lines": 0, "num_statements": 0, "percent_covered": 100.0, "percent_covered_display": "100", "missing_lines": 0, "excluded_lines": 0}, "missing_lines": [], "excluded_lines": []}}}, "app/utils/__init__.py": {"executed_lines": [], "summary": {"covered_lines": 0, "num_statements": 0, "percent_covered": 100.0, "percent_covered_display": "100", "missing_lines": 0, "excluded_lines": 0}, "missing_lines": [], "excluded_lines": [], "functions": {"": {"executed_lines": [], "summary": {"covered_lines": 0, "num_statements": 0, "percent_covered": 100.0, "percent_covered_display": "100", "missing_lines": 0, "excluded_lines": 0}, "missing_lines": [], "excluded_lines": []}}, "classes": {"": {"executed_lines": [], "summary": {"covered_lines": 0, "num_statements": 0, "percent_covered": 100.0, "percent_covered_display": "100", "missing_lines": 0, "excluded_lines": 0}, "missing_lines": [], "excluded_lines": []}}}, "app/workers/__init__.py": {"executed_lines": [], "summary": {"covered_lines": 0, "num_statements": 0, "percent_covered": 100.0, "percent_covered_display": "100", "missing_lines": 0, "excluded_lines": 0}, "missing_lines": [], "excluded_lines": [], "functions": {"": {"executed_lines": [], "summary": {"covered_lines": 0, "num_statements": 0, "percent_covered": 100.0, "percent_covered_display": "100", "missing_lines": 0, "excluded_lines": 0}, "missing_lines": [], "excluded_lines": []}}, "classes": {"": {"executed_lines": [], "summary": {"covered_lines": 0, "num_statements": 0, "percent_covered": 100.0, "percent_covered_display": "100", "missing_lines": 0, "excluded_lines": 0}, "missing_lines": [], "excluded_lines": []}}}, "app/workers/celery_app.py": {"executed_lines": [], "summary": {"covered_lines": 0, "num_statements": 38, "percent_covered": 0.0, "percent_covered_display": "0", "missing_lines": 38, "excluded_lines": 0}, "missing_lines": [12, 13, 14, 15, 17, 19, 22, 35, 103, 104, 106, 109, 110, 112, 115, 116, 118, 122, 132, 134, 136, 144, 155, 156, 157, 160, 167, 168, 170, 171, 173, 174, 175, 176, 184, 187, 194, 196], "excluded_lines": [], "functions": {"task_prerun_handler": {"executed_lines": [], "summary": {"covered_lines": 0, "num_statements": 1, "percent_covered": 0.0, "percent_covered_display": "0", "missing_lines": 1, "excluded_lines": 0}, "missing_lines": [106], "excluded_lines": []}, "task_postrun_handler": {"executed_lines": [], "summary": {"covered_lines": 0, "num_statements": 1, "percent_covered": 0.0, "percent_covered_display": "0", "missing_lines": 1, "excluded_lines": 0}, "missing_lines": [112], "excluded_lines": []}, "task_failure_handler": {"executed_lines": [], "summary": {"covered_lines": 0, "num_statements": 1, "percent_covered": 0.0, "percent_covered_display": "0", "missing_lines": 1, "excluded_lines": 0}, "missing_lines": [118], "excluded_lines": []}, "get_task_status": {"executed_lines": [], "summary": {"covered_lines": 0, "num_statements": 3, "percent_covered": 0.0, "percent_covered_display": "0", "missing_lines": 3, "excluded_lines": 0}, "missing_lines": [132, 134, 136], "excluded_lines": []}, "revoke_task": {"executed_lines": [], "summary": {"covered_lines": 0, "num_statements": 3, "percent_covered": 0.0, "percent_covered_display": "0", "missing_lines": 3, "excluded_lines": 0}, "missing_lines": [155, 156, 157], "excluded_lines": []}, "get_active_tasks": {"executed_lines": [], "summary": {"covered_lines": 0, "num_statements": 9, "percent_covered": 0.0, "percent_covered_display": "0", "missing_lines": 9, "excluded_lines": 0}, "missing_lines": [167, 168, 170, 171, 173, 174, 175, 176, 184], "excluded_lines": []}, "get_queue_stats": {"executed_lines": [], "summary": {"covered_lines": 0, "num_statements": 2, "percent_covered": 0.0, "percent_covered_display": "0", "missing_lines": 2, "excluded_lines": 0}, "missing_lines": [194, 196], "excluded_lines": []}, "": {"executed_lines": [], "summary": {"covered_lines": 0, "num_statements": 18, "percent_covered": 0.0, "percent_covered_display": "0", "missing_lines": 18, "excluded_lines": 0}, "missing_lines": [12, 13, 14, 15, 17, 19, 22, 35, 103, 104, 109, 110, 115, 116, 122, 144, 160, 187], "excluded_lines": []}}, "classes": {"": {"executed_lines": [], "summary": {"covered_lines": 0, "num_statements": 38, "percent_covered": 0.0, "percent_covered_display": "0", "missing_lines": 38, "excluded_lines": 0}, "missing_lines": [12, 13, 14, 15, 17, 19, 22, 35, 103, 104, 106, 109, 110, 112, 115, 116, 118, 122, 132, 134, 136, 144, 155, 156, 157, 160, 167, 168, 170, 171, 173, 174, 175, 176, 184, 187, 194, 196], "excluded_lines": []}}}, "app/workers/tasks/__init__.py": {"executed_lines": [], "summary": {"covered_lines": 0, "num_statements": 0, "percent_covered": 100.0, "percent_covered_display": "100", "missing_lines": 0, "excluded_lines": 0}, "missing_lines": [], "excluded_lines": [], "functions": {"": {"executed_lines": [], "summary": {"covered_lines": 0, "num_statements": 0, "percent_covered": 100.0, "percent_covered_display": "100", "missing_lines": 0, "excluded_lines": 0}, "missing_lines": [], "excluded_lines": []}}, "classes": {"": {"executed_lines": [], "summary": {"covered_lines": 0, "num_statements": 0, "percent_covered": 100.0, "percent_covered_display": "100", "missing_lines": 0, "excluded_lines": 0}, "missing_lines": [], "excluded_lines": []}}}, "app/workers/tasks/literature_search.py": {"executed_lines": [], "summary": {"covered_lines": 0, "num_statements": 49, "percent_covered": 0.0, "percent_covered_display": "0", "missing_lines": 49, "excluded_lines": 0}, "missing_lines": [3, 4, 5, 7, 10, 13, 15, 17, 19, 21, 23, 26, 33, 52, 53, 56, 61, 62, 64, 65, 68, 86, 92, 93, 95, 97, 106, 107, 109, 112, 116, 126, 127, 136, 137, 139, 141, 149, 150, 151, 154, 159, 170, 171, 181, 189, 191, 192, 193], "excluded_lines": [], "functions": {"CallbackTask.on_success": {"executed_lines": [], "summary": {"covered_lines": 0, "num_statements": 1, "percent_covered": 0.0, "percent_covered_display": "0", "missing_lines": 1, "excluded_lines": 0}, "missing_lines": [15], "excluded_lines": []}, "CallbackTask.on_failure": {"executed_lines": [], "summary": {"covered_lines": 0, "num_statements": 1, "percent_covered": 0.0, "percent_covered_display": "0", "missing_lines": 1, "excluded_lines": 0}, "missing_lines": [19], "excluded_lines": []}, "CallbackTask.on_retry": {"executed_lines": [], "summary": {"covered_lines": 0, "num_statements": 1, "percent_covered": 0.0, "percent_covered_display": "0", "missing_lines": 1, "excluded_lines": 0}, "missing_lines": [23], "excluded_lines": []}, "search_databases": {"executed_lines": [], "summary": {"covered_lines": 0, "num_statements": 16, "percent_covered": 0.0, "percent_covered_display": "0", "missing_lines": 16, "excluded_lines": 0}, "missing_lines": [52, 53, 56, 61, 62, 64, 65, 68, 86, 92, 93, 95, 97, 106, 107, 109], "excluded_lines": []}, "deduplicate_papers": {"executed_lines": [], "summary": {"covered_lines": 0, "num_statements": 9, "percent_covered": 0.0, "percent_covered_display": "0", "missing_lines": 9, "excluded_lines": 0}, "missing_lines": [126, 127, 136, 137, 139, 141, 149, 150, 151], "excluded_lines": []}, "fetch_full_text": {"executed_lines": [], "summary": {"covered_lines": 0, "num_statements": 7, "percent_covered": 0.0, "percent_covered_display": "0", "missing_lines": 7, "excluded_lines": 0}, "missing_lines": [170, 171, 181, 189, 191, 192, 193], "excluded_lines": []}, "": {"executed_lines": [], "summary": {"covered_lines": 0, "num_statements": 14, "percent_covered": 0.0, "percent_covered_display": "0", "missing_lines": 14, "excluded_lines": 0}, "missing_lines": [3, 4, 5, 7, 10, 13, 17, 21, 26, 33, 112, 116, 154, 159], "excluded_lines": []}}, "classes": {"CallbackTask": {"executed_lines": [], "summary": {"covered_lines": 0, "num_statements": 3, "percent_covered": 0.0, "percent_covered_display": "0", "missing_lines": 3, "excluded_lines": 0}, "missing_lines": [15, 19, 23], "excluded_lines": []}, "": {"executed_lines": [], "summary": {"covered_lines": 0, "num_statements": 46, "percent_covered": 0.0, "percent_covered_display": "0", "missing_lines": 46, "excluded_lines": 0}, "missing_lines": [3, 4, 5, 7, 10, 13, 17, 21, 26, 33, 52, 53, 56, 61, 62, 64, 65, 68, 86, 92, 93, 95, 97, 106, 107, 109, 112, 116, 126, 127, 136, 137, 139, 141, 149, 150, 151, 154, 159, 170, 171, 181, 189, 191, 192, 193], "excluded_lines": []}}}, "app/workers/tasks/meta_analysis.py": {"executed_lines": [], "summary": {"covered_lines": 0, "num_statements": 20, "percent_covered": 0.0, "percent_covered_display": "0", "missing_lines": 20, "excluded_lines": 0}, "missing_lines": [3, 4, 5, 7, 10, 14, 24, 25, 33, 39, 40, 41, 44, 49, 63, 64, 73, 81, 82, 83], "excluded_lines": [], "functions": {"calculate_effect_sizes": {"executed_lines": [], "summary": {"covered_lines": 0, "num_statements": 6, "percent_covered": 0.0, "percent_covered_display": "0", "missing_lines": 6, "excluded_lines": 0}, "missing_lines": [24, 25, 33, 39, 40, 41], "excluded_lines": []}, "run_meta_analysis": {"executed_lines": [], "summary": {"covered_lines": 0, "num_statements": 6, "percent_covered": 0.0, "percent_covered_display": "0", "missing_lines": 6, "excluded_lines": 0}, "missing_lines": [63, 64, 73, 81, 82, 83], "excluded_lines": []}, "": {"executed_lines": [], "summary": {"covered_lines": 0, "num_statements": 8, "percent_covered": 0.0, "percent_covered_display": "0", "missing_lines": 8, "excluded_lines": 0}, "missing_lines": [3, 4, 5, 7, 10, 14, 44, 49], "excluded_lines": []}}, "classes": {"": {"executed_lines": [], "summary": {"covered_lines": 0, "num_statements": 20, "percent_covered": 0.0, "percent_covered_display": "0", "missing_lines": 20, "excluded_lines": 0}, "missing_lines": [3, 4, 5, 7, 10, 14, 24, 25, 33, 39, 40, 41, 44, 49, 63, 64, 73, 81, 82, 83], "excluded_lines": []}}}, "app/workers/tasks/notifications.py": {"executed_lines": [], "summary": {"covered_lines": 0, "num_statements": 0, "percent_covered": 100.0, "percent_covered_display": "100", "missing_lines": 0, "excluded_lines": 0}, "missing_lines": [], "excluded_lines": [], "functions": {"": {"executed_lines": [], "summary": {"covered_lines": 0, "num_statements": 0, "percent_covered": 100.0, "percent_covered_display": "100", "missing_lines": 0, "excluded_lines": 0}, "missing_lines": [], "excluded_lines": []}}, "classes": {"": {"executed_lines": [], "summary": {"covered_lines": 0, "num_statements": 0, "percent_covered": 100.0, "percent_covered_display": "100", "missing_lines": 0, "excluded_lines": 0}, "missing_lines": [], "excluded_lines": []}}}, "app/workers/tasks/reviewer_tasks.py": {"executed_lines": [], "summary": {"covered_lines": 0, "num_statements": 0, "percent_covered": 100.0, "percent_covered_display": "100", "missing_lines": 0, "excluded_lines": 0}, "missing_lines": [], "excluded_lines": [], "functions": {"": {"executed_lines": [], "summary": {"covered_lines": 0, "num_statements": 0, "percent_covered": 100.0, "percent_covered_display": "100", "missing_lines": 0, "excluded_lines": 0}, "missing_lines": [], "excluded_lines": []}}, "classes": {"": {"executed_lines": [], "summary": {"covered_lines": 0, "num_statements": 0, "percent_covered": 100.0, "percent_covered_display": "100", "missing_lines": 0, "excluded_lines": 0}, "missing_lines": [], "excluded_lines": []}}}}, "totals": {"covered_lines": 1435, "num_statements": 2867, "percent_covered": 50.052319497732825, "percent_covered_display": "50", "missing_lines": 1432, "excluded_lines": 26}}